2024-04-12 09:36:39,986 - INFO - Logged Metrics:
{
    "rmse_spot": {
        "MLP": 0.177519136231501,
        "LSTM": 0.07279666875161352,
        "MLP_POINT": 0.07279666875161352,
        "LSTM_POINT": 0.07279666875161352,
        "RW": 0.021853491602422153
    },
    "rmse_forw": {
        "MLP": 0.3400057208509983,
        "LSTM": 0.10917647236524178,
        "MLP_POINT": 0.10917647236524178,
        "LSTM_POINT": 0.10917647236524178,
        "RW": 0.048220049174311136
    },
    "mae_spot": {
        "MLP": 0.1578624662752978,
        "LSTM": 0.0710937798951911,
        "MLP_POINT": 0.0710937798951911,
        "LSTM_POINT": 0.0710937798951911,
        "RW": 0.019853577109090637
    },
    "mae_forw": {
        "MLP": 0.3017236063946699,
        "LSTM": 0.10701759159101254,
        "MLP_POINT": 0.10701759159101254,
        "LSTM_POINT": 0.10701759159101254,
        "RW": 0.04597414619119
    },
    "mape_spot": {
        "MLP": 1.554679060003938,
        "LSTM": 0.700592963204538,
        "MLP_POINT": 0.700592963204538,
        "LSTM_POINT": 0.700592963204538,
        "RW": 0.19558894748697767
    },
    "mape_forw": {
        "MLP": 2.9851027553957716,
        "LSTM": 1.0563053363158086,
        "MLP_POINT": 1.0563053363158086,
        "LSTM_POINT": 1.0563053363158086,
        "RW": 0.4546948569897171
    },
    "correct_direction_spot": {
        "MLP": 1.0,
        "LSTM": 0.5,
        "MLP_POINT": 0.5,
        "LSTM_POINT": 0.5
    },
    "correct_direction_forw": {
        "MLP": 1.0,
        "LSTM": 1.0,
        "MLP_POINT": 1.0,
        "LSTM_POINT": 1.0
    },
    "reduction_rmse_spot_MLP": 87.6895009370014,
    "reduction_rmse_forw_MLP": 85.81787122474837,
    "reduction_rmse_spot_LSTM": 69.98009390101689,
    "reduction_rmse_forw_LSTM": 55.832929815689106,
    "reduction_rmse_spot_MLP_POINT": 69.98009390101689,
    "reduction_rmse_forw_MLP_POINT": 55.832929815689106,
    "reduction_rmse_spot_LSTM_POINT": 69.98009390101689,
    "reduction_rmse_forw_LSTM_POINT": 55.832929815689106
}
2024-04-12 09:42:23,289 - INFO - Logged Metrics:
{
    "rmse_spot": {
        "MLP": 0.1453363365442274,
        "LSTM": 0.05227774178380797,
        "MLP_POINT": 0.05227774178380797,
        "LSTM_POINT": 0.05227774178380797,
        "RW": 0.021853491602422153
    },
    "rmse_forw": {
        "MLP": 0.1800378677521886,
        "LSTM": 0.12070399109652757,
        "MLP_POINT": 0.12070399109652757,
        "LSTM_POINT": 0.12070399109652757,
        "RW": 0.048220049174311136
    },
    "mae_spot": {
        "MLP": 0.12528828216223492,
        "LSTM": 0.05188031611514147,
        "MLP_POINT": 0.05188031611514147,
        "LSTM_POINT": 0.05188031611514147,
        "RW": 0.019853577109090637
    },
    "mae_forw": {
        "MLP": 0.16855029028340834,
        "LSTM": 0.11808858984332875,
        "MLP_POINT": 0.11808858984332875,
        "LSTM_POINT": 0.11808858984332875,
        "RW": 0.04597414619119
    },
    "mape_spot": {
        "MLP": 1.2343238280288307,
        "LSTM": 0.5106573818826902,
        "MLP_POINT": 0.5106573818826902,
        "LSTM_POINT": 0.5106573818826902,
        "RW": 0.19558894748697767
    },
    "mape_forw": {
        "MLP": 1.6666908557149736,
        "LSTM": 1.1653137348506533,
        "MLP_POINT": 1.1653137348506533,
        "LSTM_POINT": 1.1653137348506533,
        "RW": 0.4546948569897171
    },
    "correct_direction_spot": {
        "MLP": 0.5,
        "LSTM": 0.5,
        "MLP_POINT": 0.5,
        "LSTM_POINT": 0.5
    },
    "correct_direction_forw": {
        "MLP": 1.0,
        "LSTM": 1.0,
        "MLP_POINT": 1.0,
        "LSTM_POINT": 1.0
    },
    "reduction_rmse_spot_MLP": 84.96350457012386,
    "reduction_rmse_forw_MLP": 73.21671836244853,
    "reduction_rmse_spot_LSTM": 58.19733053352574,
    "reduction_rmse_forw_LSTM": 60.050990247912075,
    "reduction_rmse_spot_MLP_POINT": 58.19733053352574,
    "reduction_rmse_forw_MLP_POINT": 60.050990247912075,
    "reduction_rmse_spot_LSTM_POINT": 58.19733053352574,
    "reduction_rmse_forw_LSTM_POINT": 60.050990247912075,
    "reduction_rmse_spot_RW": 0,
    "reduction_rmse_forw_RW": 0
}
2024-04-12 09:45:18,122 - INFO - Logged Metrics:
{
    "rmse_spot": {
        "MLP": 0.24191038111878077,
        "LSTM": 0.0246970146111678,
        "MLP_POINT": 0.0246970146111678,
        "LSTM_POINT": 0.0246970146111678,
        "RW": 0.021853491602422153
    },
    "rmse_forw": {
        "MLP": 0.3997979009295695,
        "LSTM": 0.09220481041062885,
        "MLP_POINT": 0.09220481041062885,
        "LSTM_POINT": 0.09220481041062885,
        "RW": 0.048220049174311136
    },
    "mae_spot": {
        "MLP": 0.20973597132874655,
        "LSTM": 0.020145220298453857,
        "MLP_POINT": 0.020145220298453857,
        "LSTM_POINT": 0.020145220298453857,
        "RW": 0.019853577109090637
    },
    "mae_forw": {
        "MLP": 0.3822279390099027,
        "LSTM": 0.09209223143589866,
        "MLP_POINT": 0.09209223143589866,
        "LSTM_POINT": 0.09209223143589866,
        "RW": 0.04597414619119
    },
    "mape_spot": {
        "MLP": 2.0671512580942784,
        "LSTM": 0.19852544736791203,
        "MLP_POINT": 0.19852544736791203,
        "LSTM_POINT": 0.19852544736791203,
        "RW": 0.19558894748697767
    },
    "mape_forw": {
        "MLP": 3.780632163928687,
        "LSTM": 0.9110003334115486,
        "MLP_POINT": 0.9110003334115486,
        "LSTM_POINT": 0.9110003334115486,
        "RW": 0.4546948569897171
    },
    "correct_direction_spot": {
        "MLP": 0.5,
        "LSTM": 0.5,
        "MLP_POINT": 0.5,
        "LSTM_POINT": 0.5
    },
    "correct_direction_forw": {
        "MLP": 1.0,
        "LSTM": 1.0,
        "MLP_POINT": 1.0,
        "LSTM_POINT": 1.0
    },
    "reduction_rmse_spot": {
        "MLP": 90.96628615053447,
        "LSTM": 11.51363050763159,
        "MLP_POINT": 11.51363050763159,
        "LSTM_POINT": 11.51363050763159,
        "RW": 0
    },
    "reduction_rmse_forw": {
        "MLP": 87.93889386057437,
        "LSTM": 47.70332593325022,
        "MLP_POINT": 47.70332593325022,
        "LSTM_POINT": 47.70332593325022,
        "RW": 0
    }
}
2024-04-12 09:46:50,442 - INFO - Logged Metrics:
{
    "rmse_spot": {
        "MLP": 0.09869358885658855,
        "LSTM": 0.0701044589265709,
        "MLP_POINT": 0.0701044589265709,
        "LSTM_POINT": 0.0701044589265709,
        "RW": 0.021853491602422153
    },
    "rmse_forw": {
        "MLP": 0.10521078138204962,
        "LSTM": 0.09991266179857466,
        "MLP_POINT": 0.09991266179857466,
        "LSTM_POINT": 0.09991266179857466,
        "RW": 0.048220049174311136
    },
    "mae_spot": {
        "MLP": 0.08104833835668815,
        "LSTM": 0.0687531021820845,
        "MLP_POINT": 0.0687531021820845,
        "LSTM_POINT": 0.0687531021820845,
        "RW": 0.019853577109090637
    },
    "mae_forw": {
        "MLP": 0.09807459058781079,
        "LSTM": 0.09495187082650927,
        "MLP_POINT": 0.09495187082650927,
        "LSTM_POINT": 0.09495187082650927,
        "RW": 0.04597414619119
    },
    "mape_spot": {
        "MLP": 0.7982870767397784,
        "LSTM": 0.6770300626357264,
        "MLP_POINT": 0.6770300626357264,
        "LSTM_POINT": 0.6770300626357264,
        "RW": 0.19558894748697767
    },
    "mape_forw": {
        "MLP": 0.9690603769330036,
        "LSTM": 0.9370008638931568,
        "MLP_POINT": 0.9370008638931568,
        "LSTM_POINT": 0.9370008638931568,
        "RW": 0.4546948569897171
    },
    "correct_direction_spot": {
        "MLP": 0.5,
        "LSTM": 0.5,
        "MLP_POINT": 0.5,
        "LSTM_POINT": 0.5
    },
    "correct_direction_forw": {
        "MLP": 1.0,
        "LSTM": 1.0,
        "MLP_POINT": 1.0,
        "LSTM_POINT": 1.0
    },
    "reduction_rmse_spot": {
        "MLP": -351.61473805700575,
        "LSTM": -220.79294330614334,
        "MLP_POINT": -220.79294330614334,
        "LSTM_POINT": -220.79294330614334,
        "RW": 0
    },
    "reduction_rmse_forw": {
        "MLP": -118.18887202234514,
        "LSTM": -107.20149296695945,
        "MLP_POINT": -107.20149296695945,
        "LSTM_POINT": -107.20149296695945,
        "RW": 0
    }
}
2024-04-12 09:46:50,443 - INFO - Logged Metrics:
{
    "rmse_spot": {
        "MLP": 0.09869358885658855,
        "LSTM": 0.0701044589265709,
        "MLP_POINT": 0.0701044589265709,
        "LSTM_POINT": 0.0701044589265709,
        "RW": 0.021853491602422153
    },
    "rmse_forw": {
        "MLP": 0.10521078138204962,
        "LSTM": 0.09991266179857466,
        "MLP_POINT": 0.09991266179857466,
        "LSTM_POINT": 0.09991266179857466,
        "RW": 0.048220049174311136
    },
    "mae_spot": {
        "MLP": 0.08104833835668815,
        "LSTM": 0.0687531021820845,
        "MLP_POINT": 0.0687531021820845,
        "LSTM_POINT": 0.0687531021820845,
        "RW": 0.019853577109090637
    },
    "mae_forw": {
        "MLP": 0.09807459058781079,
        "LSTM": 0.09495187082650927,
        "MLP_POINT": 0.09495187082650927,
        "LSTM_POINT": 0.09495187082650927,
        "RW": 0.04597414619119
    },
    "mape_spot": {
        "MLP": 0.7982870767397784,
        "LSTM": 0.6770300626357264,
        "MLP_POINT": 0.6770300626357264,
        "LSTM_POINT": 0.6770300626357264,
        "RW": 0.19558894748697767
    },
    "mape_forw": {
        "MLP": 0.9690603769330036,
        "LSTM": 0.9370008638931568,
        "MLP_POINT": 0.9370008638931568,
        "LSTM_POINT": 0.9370008638931568,
        "RW": 0.4546948569897171
    },
    "correct_direction_spot": {
        "MLP": 0.5,
        "LSTM": 0.5,
        "MLP_POINT": 0.5,
        "LSTM_POINT": 0.5
    },
    "correct_direction_forw": {
        "MLP": 1.0,
        "LSTM": 1.0,
        "MLP_POINT": 1.0,
        "LSTM_POINT": 1.0
    },
    "reduction_rmse_spot": {
        "MLP": -351.61473805700575,
        "LSTM": -220.79294330614334,
        "MLP_POINT": -220.79294330614334,
        "LSTM_POINT": -220.79294330614334,
        "RW": 0
    },
    "reduction_rmse_forw": {
        "MLP": -118.18887202234514,
        "LSTM": -107.20149296695945,
        "MLP_POINT": -107.20149296695945,
        "LSTM_POINT": -107.20149296695945,
        "RW": 0
    }
}
2024-04-12 10:41:31,053 - INFO - Logged Metrics:
{
    "rmse_spot": {
        "MLP": 0.30695785645726525,
        "LSTM": 0.10631859155203938,
        "MLP_POINT": 0.10631859155203938,
        "LSTM_POINT": 0.10631859155203938,
        "RW": 0.021853491602422153
    },
    "rmse_forw": {
        "MLP": 0.15945286035545628,
        "LSTM": 0.1475865133576565,
        "MLP_POINT": 0.1475865133576565,
        "LSTM_POINT": 0.1475865133576565,
        "RW": 0.048220049174311136
    },
    "mae_spot": {
        "MLP": 0.29307894933049816,
        "LSTM": 0.10376242685181018,
        "MLP_POINT": 0.10376242685181018,
        "LSTM_POINT": 0.10376242685181018,
        "RW": 0.019853577109090637
    },
    "mae_forw": {
        "MLP": 0.1382252472847405,
        "LSTM": 0.14484370752419995,
        "MLP_POINT": 0.14484370752419995,
        "LSTM_POINT": 0.14484370752419995,
        "RW": 0.04597414619119
    },
    "mape_spot": {
        "MLP": 2.8845597330737727,
        "LSTM": 1.0210065019697743,
        "MLP_POINT": 1.0210065019697743,
        "LSTM_POINT": 1.0210065019697743,
        "RW": 0.19558894748697767
    },
    "mape_forw": {
        "MLP": 1.3632181891231814,
        "LSTM": 1.4294412743177083,
        "MLP_POINT": 1.4294412743177083,
        "LSTM_POINT": 1.4294412743177083,
        "RW": 0.4546948569897171
    },
    "correct_direction_spot": {
        "MLP": 1.0,
        "LSTM": 1.0,
        "MLP_POINT": 1.0,
        "LSTM_POINT": 1.0
    },
    "correct_direction_forw": {
        "MLP": 1.0,
        "LSTM": 1.0,
        "MLP_POINT": 1.0,
        "LSTM_POINT": 1.0
    },
    "pred_spot": {},
    "pred_forw": {},
    "dm_teststat_spot": {},
    "dm_pvalue_spot": {},
    "dm_teststat_forw": {},
    "dm_pvalue_forw": {},
    "reduction_rmse_spot": {
        "MLP": -1304.6169922944637,
        "LSTM": -386.5061999532169,
        "MLP_POINT": -386.5061999532169,
        "LSTM_POINT": -386.5061999532169,
        "RW": 0
    },
    "reduction_rmse_forw": {
        "MLP": -230.67751502917085,
        "LSTM": -206.0687740573315,
        "MLP_POINT": -206.0687740573315,
        "LSTM_POINT": -206.0687740573315,
        "RW": 0
    }
}
2024-04-12 10:41:31,055 - INFO - Logged Metrics:
{
    "rmse_spot": {
        "MLP": 0.30695785645726525,
        "LSTM": 0.10631859155203938,
        "MLP_POINT": 0.10631859155203938,
        "LSTM_POINT": 0.10631859155203938,
        "RW": 0.021853491602422153
    },
    "rmse_forw": {
        "MLP": 0.15945286035545628,
        "LSTM": 0.1475865133576565,
        "MLP_POINT": 0.1475865133576565,
        "LSTM_POINT": 0.1475865133576565,
        "RW": 0.048220049174311136
    },
    "mae_spot": {
        "MLP": 0.29307894933049816,
        "LSTM": 0.10376242685181018,
        "MLP_POINT": 0.10376242685181018,
        "LSTM_POINT": 0.10376242685181018,
        "RW": 0.019853577109090637
    },
    "mae_forw": {
        "MLP": 0.1382252472847405,
        "LSTM": 0.14484370752419995,
        "MLP_POINT": 0.14484370752419995,
        "LSTM_POINT": 0.14484370752419995,
        "RW": 0.04597414619119
    },
    "mape_spot": {
        "MLP": 2.8845597330737727,
        "LSTM": 1.0210065019697743,
        "MLP_POINT": 1.0210065019697743,
        "LSTM_POINT": 1.0210065019697743,
        "RW": 0.19558894748697767
    },
    "mape_forw": {
        "MLP": 1.3632181891231814,
        "LSTM": 1.4294412743177083,
        "MLP_POINT": 1.4294412743177083,
        "LSTM_POINT": 1.4294412743177083,
        "RW": 0.4546948569897171
    },
    "correct_direction_spot": {
        "MLP": 1.0,
        "LSTM": 1.0,
        "MLP_POINT": 1.0,
        "LSTM_POINT": 1.0
    },
    "correct_direction_forw": {
        "MLP": 1.0,
        "LSTM": 1.0,
        "MLP_POINT": 1.0,
        "LSTM_POINT": 1.0
    },
    "pred_spot": {},
    "pred_forw": {},
    "dm_teststat_spot": {},
    "dm_pvalue_spot": {},
    "dm_teststat_forw": {},
    "dm_pvalue_forw": {},
    "reduction_rmse_spot": {
        "MLP": -1304.6169922944637,
        "LSTM": -386.5061999532169,
        "MLP_POINT": -386.5061999532169,
        "LSTM_POINT": -386.5061999532169,
        "RW": 0
    },
    "reduction_rmse_forw": {
        "MLP": -230.67751502917085,
        "LSTM": -206.0687740573315,
        "MLP_POINT": -206.0687740573315,
        "LSTM_POINT": -206.0687740573315,
        "RW": 0
    }
}
2024-04-12 10:42:00,785 - INFO - Logged Metrics:
{
    "rmse_spot": {
        "MLP": 0.28787755577538393,
        "LSTM": 0.03859507978727586,
        "MLP_POINT": 0.03859507978727586,
        "LSTM_POINT": 0.03859507978727586,
        "RW": 0.021853491602422153
    },
    "rmse_forw": {
        "MLP": 0.2413633042928129,
        "LSTM": 0.11555429279822056,
        "MLP_POINT": 0.11555429279822056,
        "LSTM_POINT": 0.11555429279822056,
        "RW": 0.048220049174311136
    },
    "mae_spot": {
        "MLP": 0.2361840143390313,
        "LSTM": 0.03777513328377206,
        "MLP_POINT": 0.03777513328377206,
        "LSTM_POINT": 0.03777513328377206,
        "RW": 0.019853577109090637
    },
    "mae_forw": {
        "MLP": 0.21122009962007154,
        "LSTM": 0.11417854514699737,
        "MLP_POINT": 0.11417854514699737,
        "LSTM_POINT": 0.11417854514699737,
        "RW": 0.04597414619119
    },
    "mape_spot": {
        "MLP": 2.3254927405080004,
        "LSTM": 0.3721431620505295,
        "MLP_POINT": 0.3721431620505295,
        "LSTM_POINT": 0.3721431620505295,
        "RW": 0.19558894748697767
    },
    "mape_forw": {
        "MLP": 2.0863095828765204,
        "LSTM": 1.1274738974749565,
        "MLP_POINT": 1.1274738974749565,
        "LSTM_POINT": 1.1274738974749565,
        "RW": 0.4546948569897171
    },
    "correct_direction_spot": {
        "MLP": 1.0,
        "LSTM": 1.0,
        "MLP_POINT": 1.0,
        "LSTM_POINT": 1.0
    },
    "correct_direction_forw": {
        "MLP": 1.0,
        "LSTM": 1.0,
        "MLP_POINT": 1.0,
        "LSTM_POINT": 1.0
    },
    "pred_spot": {},
    "pred_forw": {},
    "dm_teststat_spot": {},
    "dm_pvalue_spot": {},
    "dm_teststat_forw": {},
    "dm_pvalue_forw": {},
    "reduction_rmse_spot": {
        "MLP": -1217.306913754124,
        "LSTM": -76.60829898229231,
        "MLP_POINT": -76.60829898229231,
        "LSTM_POINT": -76.60829898229231,
        "RW": 0
    },
    "reduction_rmse_forw": {
        "MLP": -400.54553743880746,
        "LSTM": -139.6395167091228,
        "MLP_POINT": -139.6395167091228,
        "LSTM_POINT": -139.6395167091228,
        "RW": 0
    }
}
2024-04-12 10:42:00,785 - INFO - Logged Metrics:
{
    "rmse_spot": {
        "MLP": 0.28787755577538393,
        "LSTM": 0.03859507978727586,
        "MLP_POINT": 0.03859507978727586,
        "LSTM_POINT": 0.03859507978727586,
        "RW": 0.021853491602422153
    },
    "rmse_forw": {
        "MLP": 0.2413633042928129,
        "LSTM": 0.11555429279822056,
        "MLP_POINT": 0.11555429279822056,
        "LSTM_POINT": 0.11555429279822056,
        "RW": 0.048220049174311136
    },
    "mae_spot": {
        "MLP": 0.2361840143390313,
        "LSTM": 0.03777513328377206,
        "MLP_POINT": 0.03777513328377206,
        "LSTM_POINT": 0.03777513328377206,
        "RW": 0.019853577109090637
    },
    "mae_forw": {
        "MLP": 0.21122009962007154,
        "LSTM": 0.11417854514699737,
        "MLP_POINT": 0.11417854514699737,
        "LSTM_POINT": 0.11417854514699737,
        "RW": 0.04597414619119
    },
    "mape_spot": {
        "MLP": 2.3254927405080004,
        "LSTM": 0.3721431620505295,
        "MLP_POINT": 0.3721431620505295,
        "LSTM_POINT": 0.3721431620505295,
        "RW": 0.19558894748697767
    },
    "mape_forw": {
        "MLP": 2.0863095828765204,
        "LSTM": 1.1274738974749565,
        "MLP_POINT": 1.1274738974749565,
        "LSTM_POINT": 1.1274738974749565,
        "RW": 0.4546948569897171
    },
    "correct_direction_spot": {
        "MLP": 1.0,
        "LSTM": 1.0,
        "MLP_POINT": 1.0,
        "LSTM_POINT": 1.0
    },
    "correct_direction_forw": {
        "MLP": 1.0,
        "LSTM": 1.0,
        "MLP_POINT": 1.0,
        "LSTM_POINT": 1.0
    },
    "pred_spot": {},
    "pred_forw": {},
    "dm_teststat_spot": {},
    "dm_pvalue_spot": {},
    "dm_teststat_forw": {},
    "dm_pvalue_forw": {},
    "reduction_rmse_spot": {
        "MLP": -1217.306913754124,
        "LSTM": -76.60829898229231,
        "MLP_POINT": -76.60829898229231,
        "LSTM_POINT": -76.60829898229231,
        "RW": 0
    },
    "reduction_rmse_forw": {
        "MLP": -400.54553743880746,
        "LSTM": -139.6395167091228,
        "MLP_POINT": -139.6395167091228,
        "LSTM_POINT": -139.6395167091228,
        "RW": 0
    }
}
2024-04-12 10:45:11,429 - INFO - Logged Metrics:
{
    "rmse_spot": {
        "MLP": 0.20105382919289932,
        "LSTM": 0.039264674933736504,
        "MLP_POINT": 0.039264674933736504,
        "LSTM_POINT": 0.039264674933736504,
        "RW": 0.021853491602422153
    },
    "rmse_forw": {
        "MLP": 0.2077387735393431,
        "LSTM": 0.07668359289551288,
        "MLP_POINT": 0.07668359289551288,
        "LSTM_POINT": 0.07668359289551288,
        "RW": 0.048220049174311136
    },
    "mae_spot": {
        "MLP": 0.18591981086710546,
        "LSTM": 0.03789017250183413,
        "MLP_POINT": 0.03789017250183413,
        "LSTM_POINT": 0.03789017250183413,
        "RW": 0.019853577109090637
    },
    "mae_forw": {
        "MLP": 0.18190767951780895,
        "LSTM": 0.07450432840378962,
        "MLP_POINT": 0.07450432840378962,
        "LSTM_POINT": 0.07450432840378962,
        "RW": 0.04597414619119
    },
    "mape_spot": {
        "MLP": 1.8301462080737796,
        "LSTM": 0.3733977189139229,
        "MLP_POINT": 0.3733977189139229,
        "LSTM_POINT": 0.3733977189139229,
        "RW": 0.19558894748697767
    },
    "mape_forw": {
        "MLP": 1.7950136421701732,
        "LSTM": 0.7357583992319142,
        "MLP_POINT": 0.7357583992319142,
        "LSTM_POINT": 0.7357583992319142,
        "RW": 0.4546948569897171
    },
    "correct_direction_spot": {
        "MLP": 1.0,
        "LSTM": 0.5,
        "MLP_POINT": 0.5,
        "LSTM_POINT": 0.5
    },
    "correct_direction_forw": {
        "MLP": 1.0,
        "LSTM": 1.0,
        "MLP_POINT": 1.0,
        "LSTM_POINT": 1.0
    },
    "pred_spot": {},
    "pred_forw": {},
    "dm_teststat_spot": {
        "MLP": 5.714219856332814,
        "LSTM": -1.9704117074789727,
        "MLP_POINT": -1.9704117074789727,
        "LSTM_POINT": -1.9704117074789727,
        "RW": 0.0
    },
    "dm_pvalue_spot": {
        "MLP": 1.1020843951765414e-08,
        "LSTM": 0.048791204894600954,
        "MLP_POINT": 0.048791204894600954,
        "LSTM_POINT": 0.048791204894600954,
        "RW": 1.0
    },
    "dm_teststat_forw": {
        "MLP": 2.0447477873888205,
        "LSTM": 8.64209468145232,
        "MLP_POINT": 8.64209468145232,
        "LSTM_POINT": 8.64209468145232,
        "RW": 0.0
    },
    "dm_pvalue_forw": {
        "MLP": 0.04087972970190471,
        "LSTM": 5.519166084636845e-18,
        "MLP_POINT": 5.519166084636845e-18,
        "LSTM_POINT": 5.519166084636845e-18,
        "RW": 1.0
    },
    "reduction_rmse_spot": {
        "MLP": -820.0078085948304,
        "LSTM": -79.67231803536863,
        "MLP_POINT": -79.67231803536863,
        "LSTM_POINT": -79.67231803536863,
        "RW": 0
    },
    "reduction_rmse_forw": {
        "MLP": -330.81410553603166,
        "LSTM": -59.02844192113656,
        "MLP_POINT": -59.02844192113656,
        "LSTM_POINT": -59.02844192113656,
        "RW": 0
    }
}
2024-04-12 10:45:11,430 - INFO - Logged Metrics:
{
    "rmse_spot": {
        "MLP": 0.20105382919289932,
        "LSTM": 0.039264674933736504,
        "MLP_POINT": 0.039264674933736504,
        "LSTM_POINT": 0.039264674933736504,
        "RW": 0.021853491602422153
    },
    "rmse_forw": {
        "MLP": 0.2077387735393431,
        "LSTM": 0.07668359289551288,
        "MLP_POINT": 0.07668359289551288,
        "LSTM_POINT": 0.07668359289551288,
        "RW": 0.048220049174311136
    },
    "mae_spot": {
        "MLP": 0.18591981086710546,
        "LSTM": 0.03789017250183413,
        "MLP_POINT": 0.03789017250183413,
        "LSTM_POINT": 0.03789017250183413,
        "RW": 0.019853577109090637
    },
    "mae_forw": {
        "MLP": 0.18190767951780895,
        "LSTM": 0.07450432840378962,
        "MLP_POINT": 0.07450432840378962,
        "LSTM_POINT": 0.07450432840378962,
        "RW": 0.04597414619119
    },
    "mape_spot": {
        "MLP": 1.8301462080737796,
        "LSTM": 0.3733977189139229,
        "MLP_POINT": 0.3733977189139229,
        "LSTM_POINT": 0.3733977189139229,
        "RW": 0.19558894748697767
    },
    "mape_forw": {
        "MLP": 1.7950136421701732,
        "LSTM": 0.7357583992319142,
        "MLP_POINT": 0.7357583992319142,
        "LSTM_POINT": 0.7357583992319142,
        "RW": 0.4546948569897171
    },
    "correct_direction_spot": {
        "MLP": 1.0,
        "LSTM": 0.5,
        "MLP_POINT": 0.5,
        "LSTM_POINT": 0.5
    },
    "correct_direction_forw": {
        "MLP": 1.0,
        "LSTM": 1.0,
        "MLP_POINT": 1.0,
        "LSTM_POINT": 1.0
    },
    "pred_spot": {},
    "pred_forw": {},
    "dm_teststat_spot": {
        "MLP": 5.714219856332814,
        "LSTM": -1.9704117074789727,
        "MLP_POINT": -1.9704117074789727,
        "LSTM_POINT": -1.9704117074789727,
        "RW": 0.0
    },
    "dm_pvalue_spot": {
        "MLP": 1.1020843951765414e-08,
        "LSTM": 0.048791204894600954,
        "MLP_POINT": 0.048791204894600954,
        "LSTM_POINT": 0.048791204894600954,
        "RW": 1.0
    },
    "dm_teststat_forw": {
        "MLP": 2.0447477873888205,
        "LSTM": 8.64209468145232,
        "MLP_POINT": 8.64209468145232,
        "LSTM_POINT": 8.64209468145232,
        "RW": 0.0
    },
    "dm_pvalue_forw": {
        "MLP": 0.04087972970190471,
        "LSTM": 5.519166084636845e-18,
        "MLP_POINT": 5.519166084636845e-18,
        "LSTM_POINT": 5.519166084636845e-18,
        "RW": 1.0
    },
    "reduction_rmse_spot": {
        "MLP": -820.0078085948304,
        "LSTM": -79.67231803536863,
        "MLP_POINT": -79.67231803536863,
        "LSTM_POINT": -79.67231803536863,
        "RW": 0
    },
    "reduction_rmse_forw": {
        "MLP": -330.81410553603166,
        "LSTM": -59.02844192113656,
        "MLP_POINT": -59.02844192113656,
        "LSTM_POINT": -59.02844192113656,
        "RW": 0
    }
}
2024-04-12 10:51:49,446 - INFO - Spot: CSZ. Forw: 1MON. Lookback: 10. Horizon: 3. Exog_Col = [2]. Epochs = 2. Batchsize: 32
2024-04-12 10:51:54,339 - INFO - Logged Metrics:
{
    "rmse_spot": {
        "MLP": 0.14312501963881483,
        "LSTM": 0.09584305727570239,
        "MLP_POINT": 0.09584305727570239,
        "LSTM_POINT": 0.09584305727570239,
        "RW": 0.021853491602422153
    },
    "rmse_forw": {
        "MLP": 0.19940136278925696,
        "LSTM": 0.09893389120952031,
        "MLP_POINT": 0.09893389120952031,
        "LSTM_POINT": 0.09893389120952031,
        "RW": 0.048220049174311136
    },
    "mae_spot": {
        "MLP": 0.11922777193773135,
        "LSTM": 0.09524312804148316,
        "MLP_POINT": 0.09524312804148316,
        "LSTM_POINT": 0.09524312804148316,
        "RW": 0.019853577109090637
    },
    "mae_forw": {
        "MLP": 0.1673434901923576,
        "LSTM": 0.09538603835287329,
        "MLP_POINT": 0.09538603835287329,
        "LSTM_POINT": 0.09538603835287329,
        "RW": 0.04597414619119
    },
    "mape_spot": {
        "MLP": 1.1738893985385546,
        "LSTM": 0.9378077160659485,
        "MLP_POINT": 0.9378077160659485,
        "LSTM_POINT": 0.9378077160659485,
        "RW": 0.19558894748697767
    },
    "mape_forw": {
        "MLP": 1.652936220932545,
        "LSTM": 0.9415050046219852,
        "MLP_POINT": 0.9415050046219852,
        "LSTM_POINT": 0.9415050046219852,
        "RW": 0.4546948569897171
    },
    "correct_direction_spot": {
        "MLP": 1.0,
        "LSTM": 0.5,
        "MLP_POINT": 0.5,
        "LSTM_POINT": 0.5
    },
    "correct_direction_forw": {
        "MLP": 1.0,
        "LSTM": 1.0,
        "MLP_POINT": 1.0,
        "LSTM_POINT": 1.0
    },
    "pred_spot": {},
    "pred_forw": {},
    "dm_teststat_spot": {
        "MLP": 2.550628463701082,
        "LSTM": 0.6042546629802857,
        "MLP_POINT": 0.6042546629802857,
        "LSTM_POINT": 0.6042546629802857,
        "RW": 0.0
    },
    "dm_pvalue_spot": {
        "MLP": 0.010752888753382615,
        "LSTM": 0.5456743434471898,
        "MLP_POINT": 0.5456743434471898,
        "LSTM_POINT": 0.5456743434471898,
        "RW": 1.0
    },
    "dm_teststat_forw": {
        "MLP": 1.9743075632312506,
        "LSTM": 6.0420538160798145,
        "MLP_POINT": 6.0420538160798145,
        "LSTM_POINT": 6.0420538160798145,
        "RW": 0.0
    },
    "dm_pvalue_forw": {
        "MLP": 0.048346781433536275,
        "LSTM": 1.5216469021399244e-09,
        "MLP_POINT": 1.5216469021399244e-09,
        "LSTM_POINT": 1.5216469021399244e-09,
        "RW": 1.0
    },
    "reduction_rmse_spot": {
        "MLP": -554.9297578742586,
        "LSTM": -338.5709113187182,
        "MLP_POINT": -338.5709113187182,
        "LSTM_POINT": -338.5709113187182,
        "RW": 0
    },
    "reduction_rmse_forw": {
        "MLP": -313.5237649145462,
        "LSTM": -105.17169290284878,
        "MLP_POINT": -105.17169290284878,
        "LSTM_POINT": -105.17169290284878,
        "RW": 0
    }
}
2024-04-12 10:51:54,339 - INFO - Logged Metrics:
{
    "rmse_spot": {
        "MLP": 0.14312501963881483,
        "LSTM": 0.09584305727570239,
        "MLP_POINT": 0.09584305727570239,
        "LSTM_POINT": 0.09584305727570239,
        "RW": 0.021853491602422153
    },
    "rmse_forw": {
        "MLP": 0.19940136278925696,
        "LSTM": 0.09893389120952031,
        "MLP_POINT": 0.09893389120952031,
        "LSTM_POINT": 0.09893389120952031,
        "RW": 0.048220049174311136
    },
    "mae_spot": {
        "MLP": 0.11922777193773135,
        "LSTM": 0.09524312804148316,
        "MLP_POINT": 0.09524312804148316,
        "LSTM_POINT": 0.09524312804148316,
        "RW": 0.019853577109090637
    },
    "mae_forw": {
        "MLP": 0.1673434901923576,
        "LSTM": 0.09538603835287329,
        "MLP_POINT": 0.09538603835287329,
        "LSTM_POINT": 0.09538603835287329,
        "RW": 0.04597414619119
    },
    "mape_spot": {
        "MLP": 1.1738893985385546,
        "LSTM": 0.9378077160659485,
        "MLP_POINT": 0.9378077160659485,
        "LSTM_POINT": 0.9378077160659485,
        "RW": 0.19558894748697767
    },
    "mape_forw": {
        "MLP": 1.652936220932545,
        "LSTM": 0.9415050046219852,
        "MLP_POINT": 0.9415050046219852,
        "LSTM_POINT": 0.9415050046219852,
        "RW": 0.4546948569897171
    },
    "correct_direction_spot": {
        "MLP": 1.0,
        "LSTM": 0.5,
        "MLP_POINT": 0.5,
        "LSTM_POINT": 0.5
    },
    "correct_direction_forw": {
        "MLP": 1.0,
        "LSTM": 1.0,
        "MLP_POINT": 1.0,
        "LSTM_POINT": 1.0
    },
    "pred_spot": {},
    "pred_forw": {},
    "dm_teststat_spot": {
        "MLP": 2.550628463701082,
        "LSTM": 0.6042546629802857,
        "MLP_POINT": 0.6042546629802857,
        "LSTM_POINT": 0.6042546629802857,
        "RW": 0.0
    },
    "dm_pvalue_spot": {
        "MLP": 0.010752888753382615,
        "LSTM": 0.5456743434471898,
        "MLP_POINT": 0.5456743434471898,
        "LSTM_POINT": 0.5456743434471898,
        "RW": 1.0
    },
    "dm_teststat_forw": {
        "MLP": 1.9743075632312506,
        "LSTM": 6.0420538160798145,
        "MLP_POINT": 6.0420538160798145,
        "LSTM_POINT": 6.0420538160798145,
        "RW": 0.0
    },
    "dm_pvalue_forw": {
        "MLP": 0.048346781433536275,
        "LSTM": 1.5216469021399244e-09,
        "MLP_POINT": 1.5216469021399244e-09,
        "LSTM_POINT": 1.5216469021399244e-09,
        "RW": 1.0
    },
    "reduction_rmse_spot": {
        "MLP": -554.9297578742586,
        "LSTM": -338.5709113187182,
        "MLP_POINT": -338.5709113187182,
        "LSTM_POINT": -338.5709113187182,
        "RW": 0
    },
    "reduction_rmse_forw": {
        "MLP": -313.5237649145462,
        "LSTM": -105.17169290284878,
        "MLP_POINT": -105.17169290284878,
        "LSTM_POINT": -105.17169290284878,
        "RW": 0
    }
}
2024-04-12 11:32:12,510 - INFO - Spot: CSZ. Forw: 1MON. Lookback: 10. Horizon: 3. Exog_Col = [2]. Epochs = 2. Batchsize: 32
2024-04-12 11:32:17,185 - INFO - Logged Metrics:
{
    "rmse_spot": {
        "MLP": 0.2098266475051378,
        "LSTM": 0.055272922683067896,
        "MLP_POINT": 0.055272922683067896,
        "LSTM_POINT": 0.055272922683067896,
        "RW": 0.021853491602422153
    },
    "rmse_forw": {
        "MLP": 0.24327540694236188,
        "LSTM": 0.0922874286724726,
        "MLP_POINT": 0.0922874286724726,
        "LSTM_POINT": 0.0922874286724726,
        "RW": 0.048220049174311136
    },
    "mae_spot": {
        "MLP": 0.17703794481731477,
        "LSTM": 0.052259053366848704,
        "MLP_POINT": 0.052259053366848704,
        "LSTM_POINT": 0.052259053366848704,
        "RW": 0.019853577109090637
    },
    "mae_forw": {
        "MLP": 0.1932413105143871,
        "LSTM": 0.09119827057753138,
        "MLP_POINT": 0.09119827057753138,
        "LSTM_POINT": 0.09119827057753138,
        "RW": 0.04597414619119
    },
    "mape_spot": {
        "MLP": 1.7422852101702757,
        "LSTM": 0.5142383244203885,
        "MLP_POINT": 0.5142383244203885,
        "LSTM_POINT": 0.5142383244203885,
        "RW": 0.19558894748697767
    },
    "mape_forw": {
        "MLP": 1.9098882462584152,
        "LSTM": 0.8999341743991538,
        "MLP_POINT": 0.8999341743991538,
        "LSTM_POINT": 0.8999341743991538,
        "RW": 0.4546948569897171
    },
    "correct_direction_spot": {
        "MLP": 0.0,
        "LSTM": 1.0,
        "MLP_POINT": 1.0,
        "LSTM_POINT": 1.0
    },
    "correct_direction_forw": {
        "MLP": 1.0,
        "LSTM": 1.0,
        "MLP_POINT": 1.0,
        "LSTM_POINT": 1.0
    },
    "pred_spot": {},
    "pred_forw": {},
    "dm_teststat_spot": {
        "MLP": 0.38116187971039656,
        "LSTM": 1.761114562588448,
        "MLP_POINT": 1.761114562588448,
        "LSTM_POINT": 1.761114562588448,
        "RW": 0.0
    },
    "dm_pvalue_spot": {
        "MLP": 0.7030831333908458,
        "LSTM": 0.07821901472310888,
        "MLP_POINT": 0.07821901472310888,
        "LSTM_POINT": 0.07821901472310888,
        "RW": 1.0
    },
    "dm_teststat_forw": {
        "MLP": 1.8045518558629532,
        "LSTM": 3.5761675686838634,
        "MLP_POINT": 3.5761675686838634,
        "LSTM_POINT": 3.5761675686838634,
        "RW": 0.0
    },
    "dm_pvalue_forw": {
        "MLP": 0.07114483762425095,
        "LSTM": 0.00034866820401337065,
        "MLP_POINT": 0.00034866820401337065,
        "LSTM_POINT": 0.00034866820401337065,
        "RW": 1.0
    },
    "reduction_rmse_spot": {
        "MLP": -860.151591894274,
        "LSTM": -152.92490412352078,
        "MLP_POINT": -152.92490412352078,
        "LSTM_POINT": -152.92490412352078,
        "RW": 0
    },
    "reduction_rmse_forw": {
        "MLP": -404.5109059572776,
        "LSTM": -91.38808494131115,
        "MLP_POINT": -91.38808494131115,
        "LSTM_POINT": -91.38808494131115,
        "RW": 0
    }
}
2024-04-12 11:35:58,408 - INFO - Spot: CSZ. Forw: 1MON. Lookback: 10. Horizon: 3. Exog_Col = [2]. Epochs = 2. Batchsize: 32
2024-04-12 11:36:03,282 - INFO - Logged Metrics:
{
    "rmse_spot": {
        "MLP": 0.1799324658024097,
        "LSTM": 0.07406553285270565,
        "MLP_POINT": 0.07406553285270565,
        "LSTM_POINT": 0.07406553285270565,
        "RW": 0.021853491602422153
    },
    "rmse_forw": {
        "MLP": 0.12946556012636184,
        "LSTM": 0.0722626701709733,
        "MLP_POINT": 0.0722626701709733,
        "LSTM_POINT": 0.0722626701709733,
        "RW": 0.048220049174311136
    },
    "mae_spot": {
        "MLP": 0.17218811415480229,
        "LSTM": 0.07090607721067806,
        "MLP_POINT": 0.07090607721067806,
        "LSTM_POINT": 0.07090607721067806,
        "RW": 0.019853577109090637
    },
    "mae_forw": {
        "MLP": 0.1123031397239386,
        "LSTM": 0.07187694240137166,
        "MLP_POINT": 0.07187694240137166,
        "LSTM_POINT": 0.07187694240137166,
        "RW": 0.04597414619119
    },
    "mape_spot": {
        "MLP": 1.6955876792083424,
        "LSTM": 0.6989695897291189,
        "MLP_POINT": 0.6989695897291189,
        "LSTM_POINT": 0.6989695897291189,
        "RW": 0.19558894748697767
    },
    "mape_forw": {
        "MLP": 1.1085732645082678,
        "LSTM": 0.7096799017364525,
        "MLP_POINT": 0.7096799017364525,
        "LSTM_POINT": 0.7096799017364525,
        "RW": 0.4546948569897171
    },
    "correct_direction_spot": {
        "MLP": 1.0,
        "LSTM": 0.5,
        "MLP_POINT": 0.5,
        "LSTM_POINT": 0.5
    },
    "correct_direction_forw": {
        "MLP": 0.5,
        "LSTM": 1.0,
        "MLP_POINT": 1.0,
        "LSTM_POINT": 1.0
    },
    "pred_spot": {},
    "pred_forw": {},
    "dm_teststat_spot": {
        "MLP": 7.330753527193578,
        "LSTM": -0.8621442662916833,
        "MLP_POINT": -0.8621442662916833,
        "LSTM_POINT": -0.8621442662916833,
        "RW": 0.0
    },
    "dm_pvalue_spot": {
        "MLP": 2.2886223272250086e-13,
        "LSTM": 0.38860813474783795,
        "MLP_POINT": 0.38860813474783795,
        "LSTM_POINT": 0.38860813474783795,
        "RW": 1.0
    },
    "dm_teststat_forw": {
        "MLP": 1.2556485734097338,
        "LSTM": 7.335409627125478,
        "MLP_POINT": 7.335409627125478,
        "LSTM_POINT": 7.335409627125478,
        "RW": 0.0
    },
    "dm_pvalue_forw": {
        "MLP": 0.20924341218898868,
        "LSTM": 2.210443567855021e-13,
        "MLP_POINT": 2.210443567855021e-13,
        "LSTM_POINT": 2.210443567855021e-13,
        "RW": 1.0
    },
    "reduction_rmse_spot": {
        "MLP": -723.3579744413324,
        "LSTM": -238.9185316478055,
        "MLP_POINT": -238.9185316478055,
        "LSTM_POINT": -238.9185316478055,
        "RW": 0
    },
    "reduction_rmse_forw": {
        "MLP": -168.48906698198397,
        "LSTM": -49.860216669937984,
        "MLP_POINT": -49.860216669937984,
        "LSTM_POINT": -49.860216669937984,
        "RW": 0
    }
}
2024-04-12 11:42:27,233 - INFO - Spot: CSZ. Forw: 1MON. Lookback: 10. Horizon: 3. Exog_Col = [2]. Epochs = 2. Batchsize: 32
2024-04-12 11:42:32,127 - INFO - Logged Metrics:
{
    "rmse_spot": {
        "MLP": 0.10792262070452344,
        "LSTM": 0.030053011212892777,
        "MLP_POINT": 0.030053011212892777,
        "LSTM_POINT": 0.030053011212892777,
        "RW": 0.021853491602422153
    },
    "rmse_forw": {
        "MLP": 0.1757897060225008,
        "LSTM": 0.11196364811765894,
        "MLP_POINT": 0.11196364811765894,
        "LSTM_POINT": 0.11196364811765894,
        "RW": 0.048220049174311136
    },
    "mae_spot": {
        "MLP": 0.07984456924254009,
        "LSTM": 0.027878236138292618,
        "MLP_POINT": 0.027878236138292618,
        "LSTM_POINT": 0.027878236138292618,
        "RW": 0.019853577109090637
    },
    "mae_forw": {
        "MLP": 0.15057458177879646,
        "LSTM": 0.11040851973856528,
        "MLP_POINT": 0.11040851973856528,
        "LSTM_POINT": 0.11040851973856528,
        "RW": 0.04597414619119
    },
    "mape_spot": {
        "MLP": 0.7866963531641873,
        "LSTM": 0.27460045477753836,
        "MLP_POINT": 0.27460045477753836,
        "LSTM_POINT": 0.27460045477753836,
        "RW": 0.19558894748697767
    },
    "mape_forw": {
        "MLP": 1.4895596661702633,
        "LSTM": 1.091164886024279,
        "MLP_POINT": 1.091164886024279,
        "LSTM_POINT": 1.091164886024279,
        "RW": 0.4546948569897171
    },
    "correct_direction_spot": {
        "MLP": 0.5,
        "LSTM": 1.0,
        "MLP_POINT": 1.0,
        "LSTM_POINT": 1.0
    },
    "correct_direction_forw": {
        "MLP": 1.0,
        "LSTM": 1.0,
        "MLP_POINT": 1.0,
        "LSTM_POINT": 1.0
    },
    "pred_spot": {},
    "pred_forw": {},
    "dm_teststat_spot": {
        "MLP": 1.620515521278106,
        "LSTM": 2.645228607567661,
        "MLP_POINT": 2.645228607567661,
        "LSTM_POINT": 2.645228607567661,
        "RW": 0.0
    },
    "dm_pvalue_spot": {
        "MLP": 0.10512158290834532,
        "LSTM": 0.008163574337011469,
        "MLP_POINT": 0.008163574337011469,
        "LSTM_POINT": 0.008163574337011469,
        "RW": 1.0
    },
    "dm_teststat_forw": {
        "MLP": 2.335298964123183,
        "LSTM": 14.354865395305792,
        "MLP_POINT": 14.354865395305792,
        "LSTM_POINT": 14.354865395305792,
        "RW": 0.0
    },
    "dm_pvalue_forw": {
        "MLP": 0.019527808255771672,
        "LSTM": 9.93181690042337e-47,
        "MLP_POINT": 9.93181690042337e-47,
        "LSTM_POINT": 9.93181690042337e-47,
        "RW": 1.0
    },
    "reduction_rmse_spot": {
        "MLP": -393.8461215623856,
        "LSTM": -37.520409825777335,
        "MLP_POINT": -37.520409825777335,
        "LSTM_POINT": -37.520409825777335,
        "RW": 0
    },
    "reduction_rmse_forw": {
        "MLP": -264.55729314384735,
        "LSTM": -132.19314379568638,
        "MLP_POINT": -132.19314379568638,
        "LSTM_POINT": -132.19314379568638,
        "RW": 0
    }
}
2024-04-12 12:01:50,198 - INFO - Spot: CSZ. Forw: 1MON. Lookback: 10. Horizon: 3. Exog_Col = []. Epochs = 2. Nodes: 16 Batchsize: 32
2024-04-12 12:03:22,713 - INFO - Spot: CSZ. Forw: 1MON. Lookback: 10. Horizon: 3. Exog_Col = []. Epochs = 2. Nodes: 16 Batchsize: 32
2024-04-12 12:05:13,796 - INFO - Spot: CSZ. Forw: 1MON. Lookback: 10. Horizon: 3. Exog_Col = []. Epochs = 2. Nodes: 16 Batchsize: 32
2024-04-12 12:05:18,599 - INFO - Logged Metrics:
{
    "rmse_spot": {
        "MLP": 0.07814572187065034,
        "LSTM": 0.05358652828920333,
        "MLP_POINT": 0.05358652828920333,
        "LSTM_POINT": 0.05358652828920333,
        "RW": 0.021853491602422153
    },
    "rmse_forw": {
        "MLP": 0.03725134919066228,
        "LSTM": 0.057189809573964905,
        "MLP_POINT": 0.057189809573964905,
        "LSTM_POINT": 0.057189809573964905,
        "RW": 0.048220049174311136
    },
    "mae_spot": {
        "MLP": 0.07181498964047102,
        "LSTM": 0.04933018014247548,
        "MLP_POINT": 0.04933018014247548,
        "LSTM_POINT": 0.04933018014247548,
        "RW": 0.019853577109090637
    },
    "mae_forw": {
        "MLP": 0.029825379601925366,
        "LSTM": 0.05311110330326259,
        "MLP_POINT": 0.05311110330326259,
        "LSTM_POINT": 0.05311110330326259,
        "RW": 0.04597414619119
    },
    "mape_spot": {
        "MLP": 0.7065879886682929,
        "LSTM": 0.4852352769753427,
        "MLP_POINT": 0.4852352769753427,
        "LSTM_POINT": 0.4852352769753427,
        "RW": 0.19558894748697767
    },
    "mape_forw": {
        "MLP": 0.2943224285367194,
        "LSTM": 0.5242769442390244,
        "MLP_POINT": 0.5242769442390244,
        "LSTM_POINT": 0.5242769442390244,
        "RW": 0.4546948569897171
    },
    "correct_direction_spot": {
        "MLP": 1.0,
        "LSTM": 1.0,
        "MLP_POINT": 1.0,
        "LSTM_POINT": 1.0
    },
    "correct_direction_forw": {
        "MLP": 0.5,
        "LSTM": 1.0,
        "MLP_POINT": 1.0,
        "LSTM_POINT": 1.0
    },
    "pred_spot": {},
    "pred_forw": {},
    "dm_teststat_spot": {
        "MLP": 3.170680342038199,
        "LSTM": 3.9068403039692243,
        "MLP_POINT": 3.9068403039692243,
        "LSTM_POINT": 3.9068403039692243,
        "RW": 0.0
    },
    "dm_pvalue_spot": {
        "MLP": 0.0015208239766997611,
        "LSTM": 9.351091163533546e-05,
        "MLP_POINT": 9.351091163533546e-05,
        "LSTM_POINT": 9.351091163533546e-05,
        "RW": 1.0
    },
    "dm_teststat_forw": {
        "MLP": 3.5246016560471647,
        "LSTM": 3.0142174047678254,
        "MLP_POINT": 3.0142174047678254,
        "LSTM_POINT": 3.0142174047678254,
        "RW": 0.0
    },
    "dm_pvalue_forw": {
        "MLP": 0.00042412004613393814,
        "LSTM": 0.0025764310941335904,
        "MLP_POINT": 0.0025764310941335904,
        "LSTM_POINT": 0.0025764310941335904,
        "RW": 1.0
    },
    "reduction_rmse_spot": {
        "MLP": -257.5891820508398,
        "LSTM": -145.20808511562527,
        "MLP_POINT": -145.20808511562527,
        "LSTM_POINT": -145.20808511562527,
        "RW": 0
    },
    "reduction_rmse_forw": {
        "MLP": 22.747177100541716,
        "LSTM": -18.601723874708,
        "MLP_POINT": -18.601723874708,
        "LSTM_POINT": -18.601723874708,
        "RW": 0
    }
}
2024-04-12 12:06:07,643 - INFO - Spot: CSZ. Forw: 1MON. Lookback: 10. Horizon: 3. Exog_Col = []. Epochs = 2. Nodes: 16 Batchsize: 32
2024-04-12 12:06:12,340 - INFO - Logged Metrics:
{
    "rmse_spot": {
        "MLP": 0.05317341214163939,
        "LSTM": 0.0771521402202897,
        "MLP_POINT": 0.0771521402202897,
        "LSTM_POINT": 0.0771521402202897,
        "RW": 0.021853491602422153
    },
    "rmse_forw": {
        "MLP": 0.03958188976742839,
        "LSTM": 0.09463034342894658,
        "MLP_POINT": 0.09463034342894658,
        "LSTM_POINT": 0.09463034342894658,
        "RW": 0.048220049174311136
    },
    "mae_spot": {
        "MLP": 0.044343707816716524,
        "LSTM": 0.07628093180673634,
        "MLP_POINT": 0.07628093180673634,
        "LSTM_POINT": 0.07628093180673634,
        "RW": 0.019853577109090637
    },
    "mae_forw": {
        "MLP": 0.03345131685783276,
        "LSTM": 0.09299487583540778,
        "MLP_POINT": 0.09299487583540778,
        "LSTM_POINT": 0.09299487583540778,
        "RW": 0.04597414619119
    },
    "mape_spot": {
        "MLP": 0.4368467422616991,
        "LSTM": 0.7515049982644157,
        "MLP_POINT": 0.7515049982644157,
        "LSTM_POINT": 0.7515049982644157,
        "RW": 0.19558894748697767
    },
    "mape_forw": {
        "MLP": 0.33121431243977845,
        "LSTM": 0.9190500483511499,
        "MLP_POINT": 0.9190500483511499,
        "LSTM_POINT": 0.9190500483511499,
        "RW": 0.4546948569897171
    },
    "correct_direction_spot": {
        "MLP": 1.0,
        "LSTM": 0.5,
        "MLP_POINT": 0.5,
        "LSTM_POINT": 0.5
    },
    "correct_direction_forw": {
        "MLP": 1.0,
        "LSTM": 0.5,
        "MLP_POINT": 0.5,
        "LSTM_POINT": 0.5
    },
    "pred_spot": {},
    "pred_forw": {},
    "dm_teststat_spot": {
        "MLP": 3.2041515871716855,
        "LSTM": -0.09002930892724205,
        "MLP_POINT": -0.09002930892724205,
        "LSTM_POINT": -0.09002930892724205,
        "RW": 0.0
    },
    "dm_pvalue_spot": {
        "MLP": 0.0013546113441693514,
        "LSTM": 0.9282639242381274,
        "MLP_POINT": 0.9282639242381274,
        "LSTM_POINT": 0.9282639242381274,
        "RW": 1.0
    },
    "dm_teststat_forw": {
        "MLP": 2.1225000272455867,
        "LSTM": 0.9839221129757206,
        "MLP_POINT": 0.9839221129757206,
        "LSTM_POINT": 0.9839221129757206,
        "RW": 0.0
    },
    "dm_pvalue_forw": {
        "MLP": 0.03379577040885801,
        "LSTM": 0.3251538101610324,
        "MLP_POINT": 0.3251538101610324,
        "LSTM_POINT": 0.3251538101610324,
        "RW": 1.0
    },
    "reduction_rmse_spot": {
        "MLP": -143.3176954466437,
        "LSTM": -253.0426241440451,
        "MLP_POINT": -253.0426241440451,
        "LSTM_POINT": -253.0426241440451,
        "RW": 0
    },
    "reduction_rmse_forw": {
        "MLP": 17.914041057188847,
        "LSTM": -96.24688288240107,
        "MLP_POINT": -96.24688288240107,
        "LSTM_POINT": -96.24688288240107,
        "RW": 0
    }
}
2024-04-12 12:07:07,976 - INFO - Spot: CSZ. Forw: 1MON. Lookback: 10. Horizon: 3. Exog_Col = []. Epochs = 2. Nodes: 16 Batchsize: 32
2024-04-12 12:07:12,676 - INFO - Logged Metrics:
{
    "rmse_spot": {
        "MLP": 0.046535220495274615,
        "LSTM": 0.04782062459762948,
        "MLP_POINT": 0.04782062459762948,
        "LSTM_POINT": 0.04782062459762948,
        "RW": 0.021853491602422153
    },
    "rmse_forw": {
        "MLP": 0.041467664045267895,
        "LSTM": 0.05729800061130011,
        "MLP_POINT": 0.05729800061130011,
        "LSTM_POINT": 0.05729800061130011,
        "RW": 0.048220049174311136
    },
    "mae_spot": {
        "MLP": 0.039573269940333056,
        "LSTM": 0.04535486318287567,
        "MLP_POINT": 0.04535486318287567,
        "LSTM_POINT": 0.04535486318287567,
        "RW": 0.019853577109090637
    },
    "mae_forw": {
        "MLP": 0.034695016470580306,
        "LSTM": 0.055486229188272354,
        "MLP_POINT": 0.055486229188272354,
        "LSTM_POINT": 0.055486229188272354,
        "RW": 0.04597414619119
    },
    "mape_spot": {
        "MLP": 0.38960918784517734,
        "LSTM": 0.44646292177613184,
        "MLP_POINT": 0.44646292177613184,
        "LSTM_POINT": 0.44646292177613184,
        "RW": 0.19558894748697767
    },
    "mape_forw": {
        "MLP": 0.3428155064592494,
        "LSTM": 0.5480371048516088,
        "MLP_POINT": 0.5480371048516088,
        "LSTM_POINT": 0.5480371048516088,
        "RW": 0.4546948569897171
    },
    "correct_direction_spot": {
        "MLP": 1.0,
        "LSTM": 1.0,
        "MLP_POINT": 1.0,
        "LSTM_POINT": 1.0
    },
    "correct_direction_forw": {
        "MLP": 1.0,
        "LSTM": 0.5,
        "MLP_POINT": 0.5,
        "LSTM_POINT": 0.5
    },
    "pred_spot": {},
    "pred_forw": {},
    "dm_teststat_spot": {
        "MLP": 3.1162448841882324,
        "LSTM": 1.0748427534919096,
        "MLP_POINT": 1.0748427534919096,
        "LSTM_POINT": 1.0748427534919096,
        "RW": 0.0
    },
    "dm_pvalue_spot": {
        "MLP": 0.0018317009386972863,
        "LSTM": 0.28244513551779526,
        "MLP_POINT": 0.28244513551779526,
        "LSTM_POINT": 0.28244513551779526,
        "RW": 1.0
    },
    "dm_teststat_forw": {
        "MLP": 3.192519524301356,
        "LSTM": 2.2300773174533073,
        "MLP_POINT": 2.2300773174533073,
        "LSTM_POINT": 2.2300773174533073,
        "RW": 0.0
    },
    "dm_pvalue_forw": {
        "MLP": 0.0014103740961879968,
        "LSTM": 0.025742310380871342,
        "MLP_POINT": 0.025742310380871342,
        "LSTM_POINT": 0.025742310380871342,
        "RW": 1.0
    },
    "reduction_rmse_spot": {
        "MLP": -112.94180967455488,
        "LSTM": -118.82372605542461,
        "MLP_POINT": -118.82372605542461,
        "LSTM_POINT": -118.82372605542461,
        "RW": 0
    },
    "reduction_rmse_forw": {
        "MLP": 14.00327300503983,
        "LSTM": -18.82609327952569,
        "MLP_POINT": -18.82609327952569,
        "LSTM_POINT": -18.82609327952569,
        "RW": 0
    }
}
2024-04-12 12:10:22,936 - INFO - Spot: CSZ. Forw: 1MON. Lookback: 10. Horizon: 3. Exog_Col = []. Epochs = 2. Nodes: 16 Batchsize: 32
2024-04-12 12:11:15,321 - INFO - Spot: CSZ. Forw: 1MON. Lookback: 10. Horizon: 3. Exog_Col = []. Epochs = 2. Nodes: 16 Batchsize: 32
2024-04-12 12:11:20,075 - INFO - Logged Metrics:
{
    "rmse_spot": {
        "MLP": 0.03984271338408142,
        "LSTM": 0.06967001306245359,
        "MLP_POINT": 0.06967001306245359,
        "LSTM_POINT": 0.06967001306245359,
        "RW": 0.021853491602422153
    },
    "rmse_forw": {
        "MLP": 0.0624976182137347,
        "LSTM": 0.04309825069492565,
        "MLP_POINT": 0.04309825069492565,
        "LSTM_POINT": 0.04309825069492565,
        "RW": 0.048220049174311136
    },
    "mae_spot": {
        "MLP": 0.033542030446229575,
        "LSTM": 0.06696171090419423,
        "MLP_POINT": 0.06696171090419423,
        "LSTM_POINT": 0.06696171090419423,
        "RW": 0.019853577109090637
    },
    "mae_forw": {
        "MLP": 0.0511578798050006,
        "LSTM": 0.03790739462547983,
        "MLP_POINT": 0.03790739462547983,
        "LSTM_POINT": 0.03790739462547983,
        "RW": 0.04597414619119
    },
    "mape_spot": {
        "MLP": 0.33003899678706794,
        "LSTM": 0.6591589927106829,
        "MLP_POINT": 0.6591589927106829,
        "LSTM_POINT": 0.6591589927106829,
        "RW": 0.19558894748697767
    },
    "mape_forw": {
        "MLP": 0.5054344881160711,
        "LSTM": 0.3740935356587429,
        "MLP_POINT": 0.3740935356587429,
        "LSTM_POINT": 0.3740935356587429,
        "RW": 0.4546948569897171
    },
    "correct_direction_spot": {
        "MLP": 1.0,
        "LSTM": 1.0,
        "MLP_POINT": 1.0,
        "LSTM_POINT": 1.0
    },
    "correct_direction_forw": {
        "MLP": 1.0,
        "LSTM": 1.0,
        "MLP_POINT": 1.0,
        "LSTM_POINT": 1.0
    },
    "pred_spot": {},
    "pred_forw": {},
    "dm_teststat_spot": {
        "MLP": 3.358145182271727,
        "LSTM": 7.740748998616178,
        "MLP_POINT": 7.740748998616178,
        "LSTM_POINT": 7.740748998616178,
        "RW": 0.0
    },
    "dm_pvalue_spot": {
        "MLP": 0.0007846738821820898,
        "LSTM": 9.883284132664064e-15,
        "MLP_POINT": 9.883284132664064e-15,
        "LSTM_POINT": 9.883284132664064e-15,
        "RW": 1.0
    },
    "dm_teststat_forw": {
        "MLP": 2.9628540595430755,
        "LSTM": 6.301890297977728,
        "MLP_POINT": 6.301890297977728,
        "LSTM_POINT": 6.301890297977728,
        "RW": 0.0
    },
    "dm_pvalue_forw": {
        "MLP": 0.0030480104448375052,
        "LSTM": 2.940372610335484e-10,
        "MLP_POINT": 2.940372610335484e-10,
        "LSTM_POINT": 2.940372610335484e-10,
        "RW": 1.0
    },
    "reduction_rmse_spot": {
        "MLP": -82.3173802563679,
        "LSTM": -218.8049503939757,
        "MLP_POINT": -218.8049503939757,
        "LSTM_POINT": -218.8049503939757,
        "RW": 0
    },
    "reduction_rmse_forw": {
        "MLP": -29.60919634862138,
        "LSTM": 10.621719735022761,
        "MLP_POINT": 10.621719735022761,
        "LSTM_POINT": 10.621719735022761,
        "RW": 0
    }
}
2024-04-12 12:11:34,644 - INFO - Spot: CSZ. Forw: 1MON. Lookback: 10. Horizon: 3. Exog_Col = []. Epochs = 2. Nodes: 16 Batchsize: 32
2024-04-12 12:11:39,311 - INFO - Logged Metrics:
{
    "rmse_spot": {
        "MLP": 0.044948536856255085,
        "LSTM": 0.10461816462006486,
        "MLP_POINT": 0.10461816462006486,
        "LSTM_POINT": 0.10461816462006486,
        "RW": 0.021853491602422153
    },
    "rmse_forw": {
        "MLP": 0.06503819858473953,
        "LSTM": 0.07382532324595364,
        "MLP_POINT": 0.07382532324595364,
        "LSTM_POINT": 0.07382532324595364,
        "RW": 0.048220049174311136
    },
    "mae_spot": {
        "MLP": 0.034706061337543836,
        "LSTM": 0.10240501687343251,
        "MLP_POINT": 0.10240501687343251,
        "LSTM_POINT": 0.10240501687343251,
        "RW": 0.019853577109090637
    },
    "mae_forw": {
        "MLP": 0.05800671662661916,
        "LSTM": 0.07289706951154754,
        "MLP_POINT": 0.07289706951154754,
        "LSTM_POINT": 0.07289706951154754,
        "RW": 0.04597414619119
    },
    "mape_spot": {
        "MLP": 0.3419500894269055,
        "LSTM": 1.007745798937317,
        "MLP_POINT": 1.007745798937317,
        "LSTM_POINT": 1.007745798937317,
        "RW": 0.19558894748697767
    },
    "mape_forw": {
        "MLP": 0.5727333649287685,
        "LSTM": 0.7190950883698968,
        "MLP_POINT": 0.7190950883698968,
        "LSTM_POINT": 0.7190950883698968,
        "RW": 0.4546948569897171
    },
    "correct_direction_spot": {
        "MLP": 1.0,
        "LSTM": 1.0,
        "MLP_POINT": 1.0,
        "LSTM_POINT": 1.0
    },
    "correct_direction_forw": {
        "MLP": 1.0,
        "LSTM": 1.0,
        "MLP_POINT": 1.0,
        "LSTM_POINT": 1.0
    },
    "pred_spot": {},
    "pred_forw": {},
    "dm_teststat_spot": {
        "MLP": 3.6253543962555663,
        "LSTM": 5.229073056808378,
        "MLP_POINT": 5.229073056808378,
        "LSTM_POINT": 5.229073056808378,
        "RW": 0.0
    },
    "dm_pvalue_spot": {
        "MLP": 0.0002885654475756088,
        "LSTM": 1.7036203950282627e-07,
        "MLP_POINT": 1.7036203950282627e-07,
        "LSTM_POINT": 1.7036203950282627e-07,
        "RW": 1.0
    },
    "dm_teststat_forw": {
        "MLP": 6.281438451103719,
        "LSTM": 4.346249776993364,
        "MLP_POINT": 4.346249776993364,
        "LSTM_POINT": 4.346249776993364,
        "RW": 0.0
    },
    "dm_pvalue_forw": {
        "MLP": 3.354546053775846e-10,
        "LSTM": 1.3848486500092123e-05,
        "MLP_POINT": 1.3848486500092123e-05,
        "LSTM_POINT": 1.3848486500092123e-05,
        "RW": 1.0
    },
    "reduction_rmse_spot": {
        "MLP": -105.68125988285173,
        "LSTM": -378.72516906391934,
        "MLP_POINT": -378.72516906391934,
        "LSTM_POINT": -378.72516906391934,
        "RW": 0
    },
    "reduction_rmse_forw": {
        "MLP": -34.87791841445929,
        "LSTM": -53.10088751482138,
        "MLP_POINT": -53.10088751482138,
        "LSTM_POINT": -53.10088751482138,
        "RW": 0
    }
}
2024-04-12 13:02:14,506 - INFO - Spot: CSZ. Forw: 1MON. Lookback: 10. Horizon: 3. Exog_Col = []. Epochs = 100. Nodes: 16 Batchsize: 32
2024-04-12 13:02:36,301 - INFO - Spot: CSZ. Forw: 1MON. Lookback: 10. Horizon: 3. Exog_Col = []. Epochs = 2. Nodes: 16 Batchsize: 32
2024-04-12 13:03:08,824 - INFO - Spot: CSZ. Forw: 1MON. Lookback: 10. Horizon: 3. Exog_Col = []. Epochs = 2. Nodes: 16 Batchsize: 32
2024-04-12 13:03:53,338 - INFO - Spot: CSZ. Forw: 1MON. Lookback: 10. Horizon: 3. Exog_Col = []. Epochs = 2. Nodes: 16 Batchsize: 32
2024-04-12 13:03:58,286 - INFO - Logged Metrics:
{
    "rmse_spot": {
        "MLP": 0.08379248482529919,
        "LSTM": 0.04641704149246522,
        "MLP_POINT": 0.04641704149246522,
        "LSTM_POINT": 0.04641704149246522,
        "RW": 0.021853491602422153
    },
    "rmse_forw": {
        "MLP": 0.06393855161126065,
        "LSTM": 0.04212908673018211,
        "MLP_POINT": 0.04212908673018211,
        "LSTM_POINT": 0.04212908673018211,
        "RW": 0.048220049174311136
    },
    "mae_spot": {
        "MLP": 0.07040881393247478,
        "LSTM": 0.04326226835862131,
        "MLP_POINT": 0.04326226835862131,
        "LSTM_POINT": 0.04326226835862131,
        "RW": 0.019853577109090637
    },
    "mae_forw": {
        "MLP": 0.05802604272193228,
        "LSTM": 0.038760829132479614,
        "MLP_POINT": 0.038760829132479614,
        "LSTM_POINT": 0.038760829132479614,
        "RW": 0.04597414619119
    },
    "mape_spot": {
        "MLP": 0.6935959787373405,
        "LSTM": 0.42580454080091223,
        "MLP_POINT": 0.42580454080091223,
        "LSTM_POINT": 0.42580454080091223,
        "RW": 0.19558894748697767
    },
    "mape_forw": {
        "MLP": 0.5740347069790004,
        "LSTM": 0.38220719002399794,
        "MLP_POINT": 0.38220719002399794,
        "LSTM_POINT": 0.38220719002399794,
        "RW": 0.4546948569897171
    },
    "correct_direction_spot": {
        "MLP": 0.0,
        "LSTM": 1.0,
        "MLP_POINT": 1.0,
        "LSTM_POINT": 1.0
    },
    "correct_direction_forw": {
        "MLP": 0.5,
        "LSTM": 1.0,
        "MLP_POINT": 1.0,
        "LSTM_POINT": 1.0
    },
    "pred_spot": {},
    "pred_forw": {},
    "dm_teststat_spot": {
        "MLP": -0.08195488486407722,
        "LSTM": 6.007871492701372,
        "MLP_POINT": 6.007871492701372,
        "LSTM_POINT": 6.007871492701372,
        "RW": 0.0
    },
    "dm_pvalue_spot": {
        "MLP": 0.9346825893763391,
        "LSTM": 1.8797473491046653e-09,
        "MLP_POINT": 1.8797473491046653e-09,
        "LSTM_POINT": 1.8797473491046653e-09,
        "RW": 1.0
    },
    "dm_teststat_forw": {
        "MLP": -0.7032628819076435,
        "LSTM": 3.928578613020861,
        "MLP_POINT": 3.928578613020861,
        "LSTM_POINT": 3.928578613020861,
        "RW": 0.0
    },
    "dm_pvalue_forw": {
        "MLP": 0.48189193793124874,
        "LSTM": 8.544941828605659e-05,
        "MLP_POINT": 8.544941828605659e-05,
        "LSTM_POINT": 8.544941828605659e-05,
        "RW": 1.0
    },
    "reduction_rmse_spot": {
        "MLP": -283.4283616994731,
        "LSTM": -112.40103108887433,
        "MLP_POINT": -112.40103108887433,
        "LSTM_POINT": -112.40103108887433,
        "RW": 0
    },
    "reduction_rmse_forw": {
        "MLP": -32.59744174073431,
        "LSTM": 12.63159733021164,
        "MLP_POINT": 12.63159733021164,
        "LSTM_POINT": 12.63159733021164,
        "RW": 0
    }
}
2024-04-12 13:04:38,966 - INFO - Spot: CSZ. Forw: 1MON. Lookback: 10. Horizon: 3. Exog_Col = []. Epochs = 2. Nodes: 16 Batchsize: 32
2024-04-12 13:09:16,027 - INFO - Spot: CSZ. Forw: 1MON. Lookback: 10. Horizon: 3. Exog_Col = []. Epochs = 2. Nodes: 16 Batchsize: 32
2024-04-12 13:11:58,951 - INFO - Spot: CSZ. Forw: 1MON. Lookback: 10. Horizon: 3. Exog_Col = []. Epochs = 2. Nodes: 16 Batchsize: 32
2024-04-12 13:12:59,027 - INFO - Spot: CSZ. Forw: 1MON. Lookback: 10. Horizon: 3. Exog_Col = []. Epochs = 2. Nodes: 16 Batchsize: 32
2024-04-12 13:14:34,065 - INFO - Spot: CSZ. Forw: 1MON. Lookback: 10. Horizon: 3. Exog_Col = []. Epochs = 2. Nodes: 16 Batchsize: 32
2024-04-12 13:15:53,148 - INFO - Spot: CSZ. Forw: 1MON. Lookback: 10. Horizon: 3. Exog_Col = []. Epochs = 2. Nodes: 16 Batchsize: 32
2024-04-12 13:15:58,657 - WARNING - 5 out of the last 83 calls to <function TensorFlowTrainer.make_predict_function.<locals>.one_step_on_data_distributed at 0x28a568310> triggered tf.function retracing. Tracing is expensive and the excessive number of tracings could be due to (1) creating @tf.function repeatedly in a loop, (2) passing tensors with different shapes, (3) passing Python objects instead of tensors. For (1), please define your @tf.function outside of the loop. For (2), @tf.function has reduce_retracing=True option that can avoid unnecessary retracing. For (3), please refer to https://www.tensorflow.org/guide/function#controlling_retracing and https://www.tensorflow.org/api_docs/python/tf/function for  more details.
2024-04-12 13:15:58,657 - WARNING - 5 out of the last 83 calls to <function TensorFlowTrainer.make_predict_function.<locals>.one_step_on_data_distributed at 0x28c89c310> triggered tf.function retracing. Tracing is expensive and the excessive number of tracings could be due to (1) creating @tf.function repeatedly in a loop, (2) passing tensors with different shapes, (3) passing Python objects instead of tensors. For (1), please define your @tf.function outside of the loop. For (2), @tf.function has reduce_retracing=True option that can avoid unnecessary retracing. For (3), please refer to https://www.tensorflow.org/guide/function#controlling_retracing and https://www.tensorflow.org/api_docs/python/tf/function for  more details.
2024-04-12 13:15:59,003 - WARNING - 6 out of the last 84 calls to <function TensorFlowTrainer.make_predict_function.<locals>.one_step_on_data_distributed at 0x288529ca0> triggered tf.function retracing. Tracing is expensive and the excessive number of tracings could be due to (1) creating @tf.function repeatedly in a loop, (2) passing tensors with different shapes, (3) passing Python objects instead of tensors. For (1), please define your @tf.function outside of the loop. For (2), @tf.function has reduce_retracing=True option that can avoid unnecessary retracing. For (3), please refer to https://www.tensorflow.org/guide/function#controlling_retracing and https://www.tensorflow.org/api_docs/python/tf/function for  more details.
2024-04-12 13:15:59,004 - WARNING - 6 out of the last 84 calls to <function TensorFlowTrainer.make_predict_function.<locals>.one_step_on_data_distributed at 0x286d29ca0> triggered tf.function retracing. Tracing is expensive and the excessive number of tracings could be due to (1) creating @tf.function repeatedly in a loop, (2) passing tensors with different shapes, (3) passing Python objects instead of tensors. For (1), please define your @tf.function outside of the loop. For (2), @tf.function has reduce_retracing=True option that can avoid unnecessary retracing. For (3), please refer to https://www.tensorflow.org/guide/function#controlling_retracing and https://www.tensorflow.org/api_docs/python/tf/function for  more details.
2024-04-12 13:16:34,879 - INFO - Spot: CSZ. Forw: 1MON. Lookback: 10. Horizon: 3. Exog_Col = []. Epochs = 2. Nodes: 16 Batchsize: 32
2024-04-12 13:16:40,311 - WARNING - 5 out of the last 83 calls to <function TensorFlowTrainer.make_predict_function.<locals>.one_step_on_data_distributed at 0x28865c310> triggered tf.function retracing. Tracing is expensive and the excessive number of tracings could be due to (1) creating @tf.function repeatedly in a loop, (2) passing tensors with different shapes, (3) passing Python objects instead of tensors. For (1), please define your @tf.function outside of the loop. For (2), @tf.function has reduce_retracing=True option that can avoid unnecessary retracing. For (3), please refer to https://www.tensorflow.org/guide/function#controlling_retracing and https://www.tensorflow.org/api_docs/python/tf/function for  more details.
2024-04-12 13:16:40,641 - WARNING - 6 out of the last 84 calls to <function TensorFlowTrainer.make_predict_function.<locals>.one_step_on_data_distributed at 0x281269ca0> triggered tf.function retracing. Tracing is expensive and the excessive number of tracings could be due to (1) creating @tf.function repeatedly in a loop, (2) passing tensors with different shapes, (3) passing Python objects instead of tensors. For (1), please define your @tf.function outside of the loop. For (2), @tf.function has reduce_retracing=True option that can avoid unnecessary retracing. For (3), please refer to https://www.tensorflow.org/guide/function#controlling_retracing and https://www.tensorflow.org/api_docs/python/tf/function for  more details.
2024-04-12 13:17:34,635 - INFO - Spot: CSZ. Forw: 1MON. Lookback: 10. Horizon: 3. Exog_Col = []. Epochs = 2. Nodes: 16 Batchsize: 32
2024-04-12 13:17:40,221 - WARNING - 5 out of the last 83 calls to <function TensorFlowTrainer.make_predict_function.<locals>.one_step_on_data_distributed at 0x1782cf310> triggered tf.function retracing. Tracing is expensive and the excessive number of tracings could be due to (1) creating @tf.function repeatedly in a loop, (2) passing tensors with different shapes, (3) passing Python objects instead of tensors. For (1), please define your @tf.function outside of the loop. For (2), @tf.function has reduce_retracing=True option that can avoid unnecessary retracing. For (3), please refer to https://www.tensorflow.org/guide/function#controlling_retracing and https://www.tensorflow.org/api_docs/python/tf/function for  more details.
2024-04-12 13:17:40,222 - WARNING - 5 out of the last 83 calls to <function TensorFlowTrainer.make_predict_function.<locals>.one_step_on_data_distributed at 0x28c08f310> triggered tf.function retracing. Tracing is expensive and the excessive number of tracings could be due to (1) creating @tf.function repeatedly in a loop, (2) passing tensors with different shapes, (3) passing Python objects instead of tensors. For (1), please define your @tf.function outside of the loop. For (2), @tf.function has reduce_retracing=True option that can avoid unnecessary retracing. For (3), please refer to https://www.tensorflow.org/guide/function#controlling_retracing and https://www.tensorflow.org/api_docs/python/tf/function for  more details.
2024-04-12 13:17:40,601 - WARNING - 6 out of the last 84 calls to <function TensorFlowTrainer.make_predict_function.<locals>.one_step_on_data_distributed at 0x174da8ca0> triggered tf.function retracing. Tracing is expensive and the excessive number of tracings could be due to (1) creating @tf.function repeatedly in a loop, (2) passing tensors with different shapes, (3) passing Python objects instead of tensors. For (1), please define your @tf.function outside of the loop. For (2), @tf.function has reduce_retracing=True option that can avoid unnecessary retracing. For (3), please refer to https://www.tensorflow.org/guide/function#controlling_retracing and https://www.tensorflow.org/api_docs/python/tf/function for  more details.
2024-04-12 13:17:40,602 - WARNING - 6 out of the last 84 calls to <function TensorFlowTrainer.make_predict_function.<locals>.one_step_on_data_distributed at 0x287e68ca0> triggered tf.function retracing. Tracing is expensive and the excessive number of tracings could be due to (1) creating @tf.function repeatedly in a loop, (2) passing tensors with different shapes, (3) passing Python objects instead of tensors. For (1), please define your @tf.function outside of the loop. For (2), @tf.function has reduce_retracing=True option that can avoid unnecessary retracing. For (3), please refer to https://www.tensorflow.org/guide/function#controlling_retracing and https://www.tensorflow.org/api_docs/python/tf/function for  more details.
2024-04-12 13:17:45,189 - INFO - Logged Metrics:
{
    "rmse_spot": {
        "MLP": 0.08065602542941117,
        "LSTM": 0.032449201178735225,
        "MLP_POINT": 0.1008100008020201,
        "LSTM_POINT": 0.05369130863280318,
        "RW": 0.021853491602422153
    },
    "rmse_forw": {
        "MLP": 0.05425121851870475,
        "LSTM": 0.035340039315502246,
        "MLP_POINT": 0.055847849586936685,
        "LSTM_POINT": 0.07354882541935,
        "RW": 0.048220049174311136
    },
    "mae_spot": {
        "MLP": 0.0689270747245881,
        "LSTM": 0.026632129971014308,
        "MLP_POINT": 0.07565097917651957,
        "LSTM_POINT": 0.04914594567268112,
        "RW": 0.019853577109090637
    },
    "mae_forw": {
        "MLP": 0.048837828796786255,
        "LSTM": 0.03281568389146046,
        "MLP_POINT": 0.04653261722292227,
        "LSTM_POINT": 0.06643785423090254,
        "RW": 0.04597414619119
    },
    "mape_spot": {
        "MLP": 0.6782332039435509,
        "LSTM": 0.262158945119906,
        "MLP_POINT": 0.7447752270566487,
        "LSTM_POINT": 0.483339082136522,
        "RW": 0.19558894748697767
    },
    "mape_forw": {
        "MLP": 0.48199621469013443,
        "LSTM": 0.32375929592795555,
        "MLP_POINT": 0.4595011688794842,
        "LSTM_POINT": 0.6554496979444445,
        "RW": 0.4546948569897171
    },
    "correct_direction_spot": {
        "MLP": 1.0,
        "LSTM": 1.0,
        "MLP_POINT": 1.0,
        "LSTM_POINT": 1.0
    },
    "correct_direction_forw": {
        "MLP": 1.0,
        "LSTM": 1.0,
        "MLP_POINT": 1.0,
        "LSTM_POINT": 1.0
    },
    "pred_spot": {},
    "pred_forw": {},
    "dm_teststat_spot": {
        "MLP": 3.8644999714567225,
        "LSTM": 1.4296846854152432,
        "MLP_POINT": 1.3739761981596974,
        "LSTM_POINT": 2.371659862960998,
        "RW": 0.0
    },
    "dm_pvalue_spot": {
        "MLP": 0.00011131700304567609,
        "LSTM": 0.15280753763337612,
        "MLP_POINT": 0.16944907184627822,
        "LSTM_POINT": 0.017708384253709856,
        "RW": 1.0
    },
    "dm_teststat_forw": {
        "MLP": 4.354122947662776,
        "LSTM": 5.472406306748714,
        "MLP_POINT": 5.278672637022368,
        "LSTM_POINT": 2.337454679002056,
        "RW": 0.0
    },
    "dm_pvalue_forw": {
        "MLP": 1.3360071396123913e-05,
        "LSTM": 4.439654951753622e-08,
        "MLP_POINT": 1.3012303606378982e-07,
        "LSTM_POINT": 0.019415554850531497,
        "RW": 1.0
    },
    "reduction_rmse_spot": {
        "MLP": -269.07614992046206,
        "LSTM": -48.4852021319041,
        "MLP_POINT": -361.2992863385123,
        "LSTM_POINT": -145.6875524039932,
        "RW": 0
    },
    "reduction_rmse_forw": {
        "MLP": -12.507596835066416,
        "LSTM": 26.7109015427355,
        "MLP_POINT": -15.818732131632096,
        "LSTM_POINT": -52.5274790854684,
        "RW": 0
    }
}
2024-04-12 14:12:58,006 - INFO - Spot: CSZ. Forw: 1MON. Lookback: 10. Horizon: 3. Exog_Col = []. Epochs = 1. Nodes: 16 Batchsize: 32
2024-04-12 14:13:42,201 - INFO - Spot: CSZ. Forw: 1MON. Lookback: 10. Horizon: 3. Exog_Col = []. Epochs = 1. Nodes: 16 Batchsize: 32
2024-04-12 14:14:51,767 - INFO - Spot: CSZ. Forw: 1MON. Lookback: 10. Horizon: 3. Exog_Col = []. Epochs = 1. Nodes: 16 Batchsize: 32
2024-04-12 15:18:53,683 - INFO - Spot: CSZ. Forw: 1MON. Lookback: 10. Horizon: 3. Exog_Col = []. Epochs = 1. Nodes: 16 Batchsize: 32
