2024-05-09 11:45:46,139 - INFO - Spot: CSZ. Forw: 1MON. Lookback: 10. Horizon: 1. Exog_Col = []. Epochs = 1. Nodes: 16 Batchsize: 32
2024-05-09 11:45:53,263 - INFO - Logged Metrics:
{
    "rmse_spot": {
        "MLP": 0.01748707355052659,
        "LSTM": 0.023609344770415912,
        "RW": 0.024864780799388104
    },
    "rmse_forw": {
        "MLP": 0.0693525026205138,
        "LSTM": 0.06656840939948516,
        "RW": 0.06582700184915187
    },
    "mae_spot": {
        "MLP": 0.01748707355052659,
        "LSTM": 0.023609344770415912,
        "RW": 0.024864780799388104
    },
    "mae_forw": {
        "MLP": 0.0693525026205138,
        "LSTM": 0.06656840939948516,
        "RW": 0.06582700184915187
    },
    "mape_spot": {
        "MLP": 0.17795910168619045,
        "LSTM": 0.24016425084105153,
        "RW": 0.25290093961440663
    },
    "mape_forw": {
        "MLP": 0.6902017871757024,
        "LSTM": 0.6635510101771817,
        "RW": 0.6561732282071283
    },
    "correct_direction_spot": {
        "MLP": 1.0,
        "LSTM": 0.6666666666666666
    },
    "correct_direction_forw": {
        "MLP": 0.3333333333333333,
        "LSTM": 0.0
    },
    "pred_spot": {},
    "pred_forw": {},
    "dm_teststat_spot": {
        "MLP": -0.17204462196581413,
        "LSTM": -0.10443001798685035,
        "RW": 0.0
    },
    "dm_pvalue_spot": {
        "MLP": 0.8634024487216735,
        "LSTM": 0.9168281020018969,
        "RW": 1.0
    },
    "dm_teststat_forw": {
        "MLP": 0.033698029449853506,
        "LSTM": -0.0011289997774665797,
        "RW": 0.0
    },
    "dm_pvalue_forw": {
        "MLP": 0.9731179503528633,
        "LSTM": 0.999099188699778,
        "RW": 1.0
    },
    "reduction_rmse_spot": {
        "MLP": 29.671314251212188,
        "LSTM": 5.049053273789916,
        "RW": 0
    },
    "reduction_rmse_forw": {
        "MLP": -5.355706127161786,
        "LSTM": -1.1262970050379684,
        "RW": 0
    }
}
2024-05-09 11:45:53,702 - INFO - Spot: CSZ. Forw: 1MON. Lookback: 10. Horizon: 1. Exog_Col = [4]. Epochs = 1. Nodes: 16 Batchsize: 32
2024-05-09 11:46:00,484 - INFO - Logged Metrics:
{
    "rmse_spot": {
        "MLP": 0.018031393491614978,
        "LSTM": 0.023085813896991308,
        "RW": 0.024864780799388104
    },
    "rmse_forw": {
        "MLP": 0.05010175682526589,
        "LSTM": 0.06430451609168723,
        "RW": 0.06582700184915187
    },
    "mae_spot": {
        "MLP": 0.018031393491614978,
        "LSTM": 0.023085813896991308,
        "RW": 0.024864780799388104
    },
    "mae_forw": {
        "MLP": 0.05010175682526589,
        "LSTM": 0.06430451609168723,
        "RW": 0.06582700184915187
    },
    "mape_spot": {
        "MLP": 0.18328428424670892,
        "LSTM": 0.23483893149931015,
        "RW": 0.25290093961440663
    },
    "mape_forw": {
        "MLP": 0.498254491024458,
        "LSTM": 0.6409352646562279,
        "RW": 0.6561732282071283
    },
    "correct_direction_spot": {
        "MLP": 0.6666666666666666,
        "LSTM": 0.6666666666666666
    },
    "correct_direction_forw": {
        "MLP": 1.0,
        "LSTM": 0.6666666666666666
    },
    "pred_spot": {},
    "pred_forw": {},
    "dm_teststat_spot": {
        "MLP": 0.6167375136698579,
        "LSTM": -0.1509206335731541,
        "RW": 0.0
    },
    "dm_pvalue_spot": {
        "MLP": 0.5374078732713077,
        "LSTM": 0.880038323680002,
        "RW": 1.0
    },
    "dm_teststat_forw": {
        "MLP": 0.14225434884574312,
        "LSTM": -0.001867136587795527,
        "RW": 0.0
    },
    "dm_pvalue_forw": {
        "MLP": 0.8868791040713383,
        "LSTM": 0.998510241409287,
        "RW": 1.0
    },
    "reduction_rmse_spot": {
        "MLP": 27.482194043477303,
        "LSTM": 7.154564991944645,
        "RW": 0
    },
    "reduction_rmse_forw": {
        "MLP": 23.888745624358997,
        "LSTM": 2.3128590315468767,
        "RW": 0
    }
}
2024-05-09 11:46:00,952 - INFO - Spot: CSZ. Forw: 1MON. Lookback: 10. Horizon: 1. Exog_Col = [2, 4]. Epochs = 1. Nodes: 16 Batchsize: 32
2024-05-09 11:46:07,370 - INFO - Logged Metrics:
{
    "rmse_spot": {
        "MLP": 0.03947125616701127,
        "LSTM": 0.02474620173779603,
        "RW": 0.024864780799388104
    },
    "rmse_forw": {
        "MLP": 0.06524177614415905,
        "LSTM": 0.06534960258695932,
        "RW": 0.06582700184915187
    },
    "mae_spot": {
        "MLP": 0.03947125616701127,
        "LSTM": 0.02474620173779603,
        "RW": 0.024864780799388104
    },
    "mae_forw": {
        "MLP": 0.06524177614415905,
        "LSTM": 0.06534960258695932,
        "RW": 0.06582700184915187
    },
    "mape_spot": {
        "MLP": 0.40161604275823976,
        "LSTM": 0.25177292858121986,
        "RW": 0.25290093961440663
    },
    "mape_forw": {
        "MLP": 0.6494181560131053,
        "LSTM": 0.6513070257478485,
        "RW": 0.6561732282071283
    },
    "correct_direction_spot": {
        "MLP": 0.0,
        "LSTM": 0.6666666666666666
    },
    "correct_direction_forw": {
        "MLP": 0.3333333333333333,
        "LSTM": 0.6666666666666666
    },
    "pred_spot": {},
    "pred_forw": {},
    "dm_teststat_spot": {
        "MLP": -0.22440386874641785,
        "LSTM": -0.19878511722025485,
        "RW": 0.0
    },
    "dm_pvalue_spot": {
        "MLP": 0.8224430606250591,
        "LSTM": 0.8424308383986113,
        "RW": 1.0
    },
    "dm_teststat_forw": {
        "MLP": 0.0995316071161436,
        "LSTM": 0.0008559907336016274,
        "RW": 0.0
    },
    "dm_pvalue_forw": {
        "MLP": 0.9207161936382313,
        "LSTM": 0.9993170182928747,
        "RW": 1.0
    },
    "reduction_rmse_spot": {
        "MLP": -58.74363214970555,
        "LSTM": 0.47689566438884334,
        "RW": 0
    },
    "reduction_rmse_forw": {
        "MLP": 0.8890359405004045,
        "LSTM": 0.7252331851396621,
        "RW": 0
    }
}
2024-05-09 11:46:07,739 - INFO - Spot: CSZ. Forw: 1MON. Lookback: 10. Horizon: 2. Exog_Col = []. Epochs = 1. Nodes: 16 Batchsize: 32
2024-05-09 11:46:14,007 - INFO - Logged Metrics:
{
    "rmse_spot": {
        "MLP": 0.03178125001812778,
        "LSTM": 0.03313576560229436,
        "RW": 0.03262274010811203
    },
    "rmse_forw": {
        "MLP": 0.08359833363062974,
        "LSTM": 0.08429572360437498,
        "RW": 0.08480834239525871
    },
    "mae_spot": {
        "MLP": 0.031707852165371975,
        "LSTM": 0.03307430851506273,
        "RW": 0.03255711372476059
    },
    "mae_forw": {
        "MLP": 0.06770268264832276,
        "LSTM": 0.06777500295065024,
        "RW": 0.06790129778388761
    },
    "mape_spot": {
        "MLP": 0.32246073073364007,
        "LSTM": 0.33654756087209403,
        "RW": 0.3312483296704298
    },
    "mape_forw": {
        "MLP": 0.6750950504268372,
        "LSTM": 0.6761055096689844,
        "RW": 0.677328036893642
    },
    "correct_direction_spot": {
        "MLP": 0.6666666666666666,
        "LSTM": 0.3333333333333333
    },
    "correct_direction_forw": {
        "MLP": 0.3333333333333333,
        "LSTM": 0.3333333333333333
    },
    "pred_spot": {},
    "pred_forw": {},
    "dm_teststat_spot": {
        "MLP": 0.4717066095019685,
        "LSTM": -0.14218712271500797,
        "RW": 0.0
    },
    "dm_pvalue_spot": {
        "MLP": 0.6371362187566583,
        "LSTM": 0.8869322030291151,
        "RW": 1.0
    },
    "dm_teststat_forw": {
        "MLP": 0.06741249686647838,
        "LSTM": -0.013892982845312716,
        "RW": 0.0
    },
    "dm_pvalue_forw": {
        "MLP": 0.946253320760232,
        "LSTM": 0.9889153600689512,
        "RW": 1.0
    },
    "reduction_rmse_spot": {
        "MLP": 2.5794586450909485,
        "LSTM": -1.572600868235341,
        "RW": 0
    },
    "reduction_rmse_forw": {
        "MLP": 1.4267567676179649,
        "LSTM": 0.6044438275831565,
        "RW": 0
    }
}
2024-05-09 11:46:14,390 - INFO - Spot: CSZ. Forw: 1MON. Lookback: 10. Horizon: 2. Exog_Col = [4]. Epochs = 1. Nodes: 16 Batchsize: 32
2024-05-09 11:46:20,792 - INFO - Logged Metrics:
{
    "rmse_spot": {
        "MLP": 0.030027464714130914,
        "LSTM": 0.034241147958807616,
        "RW": 0.03262274010811203
    },
    "rmse_forw": {
        "MLP": 0.08642148475111888,
        "LSTM": 0.08497988313130105,
        "RW": 0.08480834239525871
    },
    "mae_spot": {
        "MLP": 0.029488845129607515,
        "LSTM": 0.03415221178126012,
        "RW": 0.03255711372476059
    },
    "mae_forw": {
        "MLP": 0.07053546509117758,
        "LSTM": 0.06809870891575069,
        "RW": 0.06790129778388761
    },
    "mape_spot": {
        "MLP": 0.2999968221156728,
        "LSTM": 0.34755052008437465,
        "RW": 0.3312483296704298
    },
    "mape_forw": {
        "MLP": 0.7038694759017251,
        "LSTM": 0.6793135645173685,
        "RW": 0.677328036893642
    },
    "correct_direction_spot": {
        "MLP": 1.0,
        "LSTM": 0.3333333333333333
    },
    "correct_direction_forw": {
        "MLP": 0.3333333333333333,
        "LSTM": 0.3333333333333333
    },
    "pred_spot": {},
    "pred_forw": {},
    "dm_teststat_spot": {
        "MLP": 0.19460548093374427,
        "LSTM": -0.28097715941032847,
        "RW": 0.0
    },
    "dm_pvalue_spot": {
        "MLP": 0.8457018119320284,
        "LSTM": 0.7787279185610478,
        "RW": 1.0
    },
    "dm_teststat_forw": {
        "MLP": -0.05132251474564594,
        "LSTM": -0.00030858613888985585,
        "RW": 0.0
    },
    "dm_pvalue_forw": {
        "MLP": 0.9590685275711057,
        "LSTM": 0.9997537838880097,
        "RW": 1.0
    },
    "reduction_rmse_spot": {
        "MLP": 7.955418169596884,
        "LSTM": -4.960980731024334,
        "RW": 0
    },
    "reduction_rmse_forw": {
        "MLP": -1.9021033901853057,
        "LSTM": -0.2022687051739025,
        "RW": 0
    }
}
2024-05-09 11:46:21,209 - INFO - Spot: CSZ. Forw: 1MON. Lookback: 10. Horizon: 2. Exog_Col = [2, 4]. Epochs = 1. Nodes: 16 Batchsize: 32
2024-05-09 11:46:27,958 - INFO - Logged Metrics:
{
    "rmse_spot": {
        "MLP": 0.03889902993308314,
        "LSTM": 0.03402898090385773,
        "RW": 0.03262274010811203
    },
    "rmse_forw": {
        "MLP": 0.08503259959283388,
        "LSTM": 0.08430310712265521,
        "RW": 0.08480834239525871
    },
    "mae_spot": {
        "MLP": 0.03846293173344476,
        "LSTM": 0.03398886554098013,
        "RW": 0.03255711372476059
    },
    "mae_forw": {
        "MLP": 0.07168648827769412,
        "LSTM": 0.06783019463949931,
        "RW": 0.06790129778388761
    },
    "mape_spot": {
        "MLP": 0.391153626899583,
        "LSTM": 0.34585366775493537,
        "RW": 0.3312483296704298
    },
    "mape_forw": {
        "MLP": 0.715595962150538,
        "LSTM": 0.6766830771888431,
        "RW": 0.677328036893642
    },
    "correct_direction_spot": {
        "MLP": 0.3333333333333333,
        "LSTM": 0.3333333333333333
    },
    "correct_direction_forw": {
        "MLP": 0.6666666666666666,
        "LSTM": 0.6666666666666666
    },
    "pred_spot": {},
    "pred_forw": {},
    "dm_teststat_spot": {
        "MLP": 0.40703397825702875,
        "LSTM": -0.1650150958594406,
        "RW": 0.0
    },
    "dm_pvalue_spot": {
        "MLP": 0.6839830325994031,
        "LSTM": 0.8689321001660499,
        "RW": 1.0
    },
    "dm_teststat_forw": {
        "MLP": -0.22295436042930744,
        "LSTM": -0.016544901376242736,
        "RW": 0.0
    },
    "dm_pvalue_forw": {
        "MLP": 0.8235710275133795,
        "LSTM": 0.9867996808634723,
        "RW": 1.0
    },
    "reduction_rmse_spot": {
        "MLP": -19.23900262262286,
        "LSTM": -4.310615206096746,
        "RW": 0
    },
    "reduction_rmse_forw": {
        "MLP": -0.26442822868768534,
        "LSTM": 0.5957377049639723,
        "RW": 0
    }
}
2024-05-09 11:46:28,338 - INFO - Spot: CSZ. Forw: 1MON. Lookback: 10. Horizon: 5. Exog_Col = []. Epochs = 1. Nodes: 16 Batchsize: 32
2024-05-09 11:46:35,017 - INFO - Logged Metrics:
{
    "rmse_spot": {
        "MLP": 0.10492263950237297,
        "LSTM": 0.10551212696356216,
        "RW": 0.10532149290506802
    },
    "rmse_forw": {
        "MLP": 0.12752029791085903,
        "LSTM": 0.13127181166561638,
        "RW": 0.1322458255288835
    },
    "mae_spot": {
        "MLP": 0.09230844554460434,
        "LSTM": 0.09339563426530746,
        "RW": 0.09291880022912609
    },
    "mae_forw": {
        "MLP": 0.11749277175457669,
        "LSTM": 0.12050646023291389,
        "RW": 0.12125937746635847
    },
    "mape_spot": {
        "MLP": 0.9172938631242755,
        "LSTM": 0.9281563590477798,
        "RW": 0.9231149817669256
    },
    "mape_forw": {
        "MLP": 1.1548149995826755,
        "LSTM": 1.183469976783292,
        "RW": 1.1907803400914447
    },
    "correct_direction_spot": {
        "MLP": 0.3333333333333333,
        "LSTM": 0.3333333333333333
    },
    "correct_direction_forw": {
        "MLP": 0.6666666666666666,
        "LSTM": 0.6666666666666666
    },
    "pred_spot": {},
    "pred_forw": {},
    "dm_teststat_spot": {
        "MLP": -0.05201065563694694,
        "LSTM": -0.03847907810764983,
        "RW": 0.0
    },
    "dm_pvalue_spot": {
        "MLP": 0.9585202029364804,
        "LSTM": 0.9693057123796923,
        "RW": 1.0
    },
    "dm_teststat_forw": {
        "MLP": -0.12137592265358486,
        "LSTM": -0.01933612521062373,
        "RW": 0.0
    },
    "dm_pvalue_forw": {
        "MLP": 0.9033932868069949,
        "LSTM": 0.9845729655593753,
        "RW": 1.0
    },
    "reduction_rmse_spot": {
        "MLP": 0.3787008631320421,
        "LSTM": -0.1810020473845375,
        "RW": 0
    },
    "reduction_rmse_forw": {
        "MLP": 3.5732905739186305,
        "LSTM": 0.736517662747993,
        "RW": 0
    }
}
2024-05-09 11:46:35,388 - INFO - Spot: CSZ. Forw: 1MON. Lookback: 10. Horizon: 5. Exog_Col = [4]. Epochs = 1. Nodes: 16 Batchsize: 32
2024-05-09 11:46:42,100 - INFO - Logged Metrics:
{
    "rmse_spot": {
        "MLP": 0.10374074984650415,
        "LSTM": 0.10586231104483375,
        "RW": 0.10532149290506802
    },
    "rmse_forw": {
        "MLP": 0.1291473637263466,
        "LSTM": 0.1324648282823187,
        "RW": 0.1322458255288835
    },
    "mae_spot": {
        "MLP": 0.09021250420888714,
        "LSTM": 0.09360416662110693,
        "RW": 0.09291880022912609
    },
    "mae_forw": {
        "MLP": 0.11827582612584742,
        "LSTM": 0.12190754916941604,
        "RW": 0.12125937746635847
    },
    "mape_spot": {
        "MLP": 0.8965274833337552,
        "LSTM": 0.9301917344668674,
        "RW": 0.9231149817669256
    },
    "mape_forw": {
        "MLP": 1.1617703237065202,
        "LSTM": 1.1970972400165543,
        "RW": 1.1907803400914447
    },
    "correct_direction_spot": {
        "MLP": 0.3333333333333333,
        "LSTM": 0.3333333333333333
    },
    "correct_direction_forw": {
        "MLP": 0.6666666666666666,
        "LSTM": 0.0
    },
    "pred_spot": {},
    "pred_forw": {},
    "dm_teststat_spot": {
        "MLP": -0.07101655851353997,
        "LSTM": -0.028774025238431616,
        "RW": 0.0
    },
    "dm_pvalue_spot": {
        "MLP": 0.9433845769760651,
        "LSTM": 0.9770448171568096,
        "RW": 1.0
    },
    "dm_teststat_forw": {
        "MLP": -0.07556275912216297,
        "LSTM": -0.0057732383578560425,
        "RW": 0.0
    },
    "dm_pvalue_forw": {
        "MLP": 0.9397669656374436,
        "LSTM": 0.9953936478369481,
        "RW": 1.0
    },
    "reduction_rmse_spot": {
        "MLP": 1.5008741473012344,
        "LSTM": -0.5134926640787407,
        "RW": 0
    },
    "reduction_rmse_forw": {
        "MLP": 2.342956225760162,
        "LSTM": -0.16560277238193422,
        "RW": 0
    }
}
2024-05-09 11:46:42,530 - INFO - Spot: CSZ. Forw: 1MON. Lookback: 10. Horizon: 5. Exog_Col = [2, 4]. Epochs = 1. Nodes: 16 Batchsize: 32
2024-05-09 11:46:48,863 - INFO - Logged Metrics:
{
    "rmse_spot": {
        "MLP": 0.10756847539661642,
        "LSTM": 0.10642407730287262,
        "RW": 0.10532149290506802
    },
    "rmse_forw": {
        "MLP": 0.13654671774120108,
        "LSTM": 0.13114780187003558,
        "RW": 0.1322458255288835
    },
    "mae_spot": {
        "MLP": 0.09349440970793808,
        "LSTM": 0.09459861850636943,
        "RW": 0.09291880022912609
    },
    "mae_forw": {
        "MLP": 0.12563937882090917,
        "LSTM": 0.12043554221496346,
        "RW": 0.12125937746635847
    },
    "mape_spot": {
        "MLP": 0.9291705451243896,
        "LSTM": 0.9404375220726147,
        "RW": 0.9231149817669256
    },
    "mape_forw": {
        "MLP": 1.233806329460728,
        "LSTM": 1.1828403379157306,
        "RW": 1.1907803400914447
    },
    "correct_direction_spot": {
        "MLP": 0.3333333333333333,
        "LSTM": 0.6666666666666666
    },
    "correct_direction_forw": {
        "MLP": 0.3333333333333333,
        "LSTM": 0.6666666666666666
    },
    "pred_spot": {},
    "pred_forw": {},
    "dm_teststat_spot": {
        "MLP": -0.0173615720501341,
        "LSTM": -0.09318304985372107,
        "RW": 0.0
    },
    "dm_pvalue_spot": {
        "MLP": 0.9861481655930744,
        "LSTM": 0.9257581400510698,
        "RW": 1.0
    },
    "dm_teststat_forw": {
        "MLP": 0.04972032109396715,
        "LSTM": -0.03783794081668929,
        "RW": 0.0
    },
    "dm_pvalue_forw": {
        "MLP": 0.9603452625946957,
        "LSTM": 0.9698168936229429,
        "RW": 1.0
    },
    "reduction_rmse_spot": {
        "MLP": -2.133451045527557,
        "LSTM": -1.0468750179969621,
        "RW": 0
    },
    "reduction_rmse_forw": {
        "MLP": -3.252195065603969,
        "LSTM": 0.8302898442779982,
        "RW": 0
    }
}
2024-05-09 19:39:51,458 - INFO - Spot: CSZ. Forw: 1MON. Lookback: 10. Horizon: 1. Exog_Col = []. Epochs = 1. Nodes: 16 Batchsize: 32
2024-05-09 19:40:43,500 - INFO - Spot: CSZ. Forw: 1MON. Lookback: 10. Horizon: 1. Exog_Col = []. Epochs = 1. Nodes: 16 Batchsize: 32
