2024-05-09 11:50:56,080 - INFO - Spot: PMX. Forw: 1MON. Lookback: 10. Horizon: 10. Exog_Col = []. Epochs = 1. Nodes: 16 Batchsize: 32
2024-05-09 11:51:00,915 - INFO - Logged Metrics:
{
    "rmse_spot": {
        "MLP": 0.855414029699043,
        "LSTM": 0.4440506386637648,
        "RW": 0.16098507515389424
    },
    "rmse_forw": {
        "MLP": 0.9138536913238859,
        "LSTM": 0.46687935682791126,
        "RW": 0.19998471780838684
    },
    "mae_spot": {
        "MLP": 0.6008921896633992,
        "LSTM": 0.37968212817089075,
        "RW": 0.1394545329795304
    },
    "mae_forw": {
        "MLP": 0.6238875640644755,
        "LSTM": 0.3961935026385115,
        "RW": 0.17103705174185216
    },
    "mape_spot": {
        "MLP": 6.068017286925394,
        "LSTM": 3.8160401884406308,
        "RW": 1.4064269172181851
    },
    "mape_forw": {
        "MLP": 6.219569879949612,
        "LSTM": 3.959667850267828,
        "RW": 1.7129227707644556
    },
    "correct_direction_spot": {
        "MLP": 0.5,
        "LSTM": 0.5
    },
    "correct_direction_forw": {
        "MLP": 1.0,
        "LSTM": 0.5
    },
    "pred_spot": {},
    "pred_forw": {},
    "dm_teststat_spot": {
        "MLP": 2.816822595846184,
        "LSTM": 6.456865184096127,
        "RW": 0.0
    },
    "dm_pvalue_spot": {
        "MLP": 0.004850130766644382,
        "LSTM": 1.0689404205985562e-10,
        "RW": 1.0
    },
    "dm_teststat_forw": {
        "MLP": 2.2664617632687922,
        "LSTM": 4.374436507875481,
        "RW": 0.0
    },
    "dm_pvalue_forw": {
        "MLP": 0.023423125720739933,
        "LSTM": 1.2174655037014903e-05,
        "RW": 1.0
    },
    "reduction_rmse_spot": {
        "MLP": -431.3623196941126,
        "LSTM": -175.83342011007736,
        "RW": 0
    },
    "reduction_rmse_forw": {
        "MLP": -356.96176254801867,
        "LSTM": -133.45751712650693,
        "RW": 0
    }
}
2024-05-09 11:51:01,337 - INFO - Spot: PMX. Forw: 1MON. Lookback: 10. Horizon: 10. Exog_Col = [2]. Epochs = 1. Nodes: 16 Batchsize: 32
2024-05-09 11:51:05,884 - INFO - Logged Metrics:
{
    "rmse_spot": {
        "MLP": 0.7256511493784532,
        "LSTM": 0.46359739566412794,
        "RW": 0.16098507515389424
    },
    "rmse_forw": {
        "MLP": 0.5240330897023706,
        "LSTM": 0.41077922985786386,
        "RW": 0.19998471780838684
    },
    "mae_spot": {
        "MLP": 0.4908644811941308,
        "LSTM": 0.41816312744496653,
        "RW": 0.1394545329795304
    },
    "mae_forw": {
        "MLP": 0.39124216838895987,
        "LSTM": 0.3924436687209354,
        "RW": 0.17103705174185216
    },
    "mape_spot": {
        "MLP": 4.936280937608842,
        "LSTM": 4.198080744379385,
        "RW": 1.4064269172181851
    },
    "mape_forw": {
        "MLP": 3.9191599024803088,
        "LSTM": 3.9271843138550104,
        "RW": 1.7129227707644556
    },
    "correct_direction_spot": {
        "MLP": 1.0,
        "LSTM": 0.5
    },
    "correct_direction_forw": {
        "MLP": 0.5,
        "LSTM": 0.5
    },
    "pred_spot": {},
    "pred_forw": {},
    "dm_teststat_spot": {
        "MLP": 3.4220880302578314,
        "LSTM": 7.989506368117409,
        "RW": 0.0
    },
    "dm_pvalue_spot": {
        "MLP": 0.0006214219053761201,
        "LSTM": 1.3548012899443863e-15,
        "RW": 1.0
    },
    "dm_teststat_forw": {
        "MLP": 3.1242178470061828,
        "LSTM": 5.826506631318837,
        "RW": 0.0
    },
    "dm_pvalue_forw": {
        "MLP": 0.0017827841166179208,
        "LSTM": 5.659961912544299e-09,
        "RW": 1.0
    },
    "reduction_rmse_spot": {
        "MLP": -350.7567851769889,
        "LSTM": -187.97538853893778,
        "RW": 0
    },
    "reduction_rmse_forw": {
        "MLP": -162.03656731634223,
        "LSTM": -105.40531014547194,
        "RW": 0
    }
}
2024-05-09 11:51:06,258 - INFO - Spot: PMX. Forw: 1MON. Lookback: 10. Horizon: 10. Exog_Col = [2, 4]. Epochs = 1. Nodes: 16 Batchsize: 32
2024-05-09 11:51:10,767 - INFO - Logged Metrics:
{
    "rmse_spot": {
        "MLP": 0.6287241899634246,
        "LSTM": 0.5035333473446468,
        "RW": 0.16098507515389424
    },
    "rmse_forw": {
        "MLP": 0.8384411349582735,
        "LSTM": 0.5100106733118626,
        "RW": 0.19998471780838684
    },
    "mae_spot": {
        "MLP": 0.49882664647369745,
        "LSTM": 0.4768577014204287,
        "RW": 0.1394545329795304
    },
    "mae_forw": {
        "MLP": 0.6648317330304374,
        "LSTM": 0.4852551523951685,
        "RW": 0.17103705174185216
    },
    "mape_spot": {
        "MLP": 5.045106950693304,
        "LSTM": 4.788992208149266,
        "RW": 1.4064269172181851
    },
    "mape_forw": {
        "MLP": 6.668880282495055,
        "LSTM": 4.857219588615244,
        "RW": 1.7129227707644556
    },
    "correct_direction_spot": {
        "MLP": 0.5,
        "LSTM": 0.5
    },
    "correct_direction_forw": {
        "MLP": 0.5,
        "LSTM": 0.5
    },
    "pred_spot": {},
    "pred_forw": {},
    "dm_teststat_spot": {
        "MLP": 4.373965071111435,
        "LSTM": 10.27126255844289,
        "RW": 0.0
    },
    "dm_pvalue_spot": {
        "MLP": 1.2200990930957304e-05,
        "LSTM": 9.49537406703498e-25,
        "RW": 1.0
    },
    "dm_teststat_forw": {
        "MLP": 3.7829098354852553,
        "LSTM": 7.00108412331417,
        "RW": 0.0
    },
    "dm_pvalue_forw": {
        "MLP": 0.00015500557565393204,
        "LSTM": 2.5398937289047995e-12,
        "RW": 1.0
    },
    "reduction_rmse_spot": {
        "MLP": -290.5481233973979,
        "LSTM": -212.7826271244663,
        "RW": 0
    },
    "reduction_rmse_forw": {
        "MLP": -319.2526029722015,
        "LSTM": -155.02482334701378,
        "RW": 0
    }
}
2024-05-09 11:51:11,125 - INFO - Spot: PMX. Forw: 1MON. Lookback: 10. Horizon: 20. Exog_Col = []. Epochs = 1. Nodes: 16 Batchsize: 32
2024-05-09 11:51:15,714 - INFO - Logged Metrics:
{
    "rmse_spot": {
        "MLP": 1.0155804917175704,
        "LSTM": 0.5062348793468983,
        "RW": 0.17159644926988232
    },
    "rmse_forw": {
        "MLP": 1.0283626242745552,
        "LSTM": 0.512583942526983,
        "RW": 0.13766736122560208
    },
    "mae_spot": {
        "MLP": 0.7744257340328579,
        "LSTM": 0.4254815443478594,
        "RW": 0.14595342365748892
    },
    "mae_forw": {
        "MLP": 0.7272951229524014,
        "LSTM": 0.45258663046625375,
        "RW": 0.11579641710842097
    },
    "mape_spot": {
        "MLP": 7.740135150875036,
        "LSTM": 4.237414680097507,
        "RW": 1.4737758042259947
    },
    "mape_forw": {
        "MLP": 7.24460979641397,
        "LSTM": 4.494709900258101,
        "RW": 1.1566395902638216
    },
    "correct_direction_spot": {
        "MLP": 0.5,
        "LSTM": 0.5
    },
    "correct_direction_forw": {
        "MLP": 0.5,
        "LSTM": 0.5
    },
    "pred_spot": {},
    "pred_forw": {},
    "dm_teststat_spot": {
        "MLP": 6.710367480660553,
        "LSTM": 9.17247106039585,
        "RW": 0.0
    },
    "dm_pvalue_spot": {
        "MLP": 1.941348831878057e-11,
        "LSTM": 4.6229794438336364e-20,
        "RW": 1.0
    },
    "dm_teststat_forw": {
        "MLP": 4.650533465684665,
        "LSTM": 9.81385488853692,
        "RW": 0.0
    },
    "dm_pvalue_forw": {
        "MLP": 3.31077513797525e-06,
        "LSTM": 9.814593837327258e-23,
        "RW": 1.0
    },
    "reduction_rmse_spot": {
        "MLP": -491.8423697219355,
        "LSTM": -195.01477536443983,
        "RW": 0
    },
    "reduction_rmse_forw": {
        "MLP": -646.9908735951786,
        "LSTM": -272.3351257434122,
        "RW": 0
    }
}
2024-05-09 11:51:16,116 - INFO - Spot: PMX. Forw: 1MON. Lookback: 10. Horizon: 20. Exog_Col = [2]. Epochs = 1. Nodes: 16 Batchsize: 32
2024-05-09 11:51:20,797 - INFO - Logged Metrics:
{
    "rmse_spot": {
        "MLP": 1.2155764440068324,
        "LSTM": 0.6376499800168294,
        "RW": 0.17159644926988232
    },
    "rmse_forw": {
        "MLP": 1.0227382378303003,
        "LSTM": 0.6337705847062981,
        "RW": 0.13766736122560208
    },
    "mae_spot": {
        "MLP": 0.992272847330833,
        "LSTM": 0.5614553298484772,
        "RW": 0.14595342365748892
    },
    "mae_forw": {
        "MLP": 0.8278213164038738,
        "LSTM": 0.5468952536931402,
        "RW": 0.11579641710842097
    },
    "mape_spot": {
        "MLP": 9.92663649556284,
        "LSTM": 5.600781323394718,
        "RW": 1.4737758042259947
    },
    "mape_forw": {
        "MLP": 8.242858531961243,
        "LSTM": 5.433233820828789,
        "RW": 1.1566395902638216
    },
    "correct_direction_spot": {
        "MLP": 0.5,
        "LSTM": 0.5
    },
    "correct_direction_forw": {
        "MLP": 0.5,
        "LSTM": 0.5
    },
    "pred_spot": {},
    "pred_forw": {},
    "dm_teststat_spot": {
        "MLP": 9.154426740713266,
        "LSTM": 11.420578829164166,
        "RW": 0.0
    },
    "dm_pvalue_spot": {
        "MLP": 5.464717523417967e-20,
        "LSTM": 3.30028511978326e-30,
        "RW": 1.0
    },
    "dm_teststat_forw": {
        "MLP": 7.282869544646279,
        "LSTM": 9.40863218667525,
        "RW": 0.0
    },
    "dm_pvalue_forw": {
        "MLP": 3.267932120239167e-13,
        "LSTM": 5.026350517588126e-21,
        "RW": 1.0
    },
    "reduction_rmse_spot": {
        "MLP": -608.3925391107634,
        "LSTM": -271.5985865266655,
        "RW": 0
    },
    "reduction_rmse_forw": {
        "MLP": -642.9053834730588,
        "LSTM": -360.36371952223885,
        "RW": 0
    }
}
2024-05-09 11:51:21,181 - INFO - Spot: PMX. Forw: 1MON. Lookback: 10. Horizon: 20. Exog_Col = [2, 4]. Epochs = 1. Nodes: 16 Batchsize: 32
2024-05-09 11:51:26,112 - INFO - Logged Metrics:
{
    "rmse_spot": {
        "MLP": 0.6594320593712257,
        "LSTM": 0.6222184785189857,
        "RW": 0.17159644926988232
    },
    "rmse_forw": {
        "MLP": 0.5406197116684013,
        "LSTM": 0.6565416692403061,
        "RW": 0.13766736122560208
    },
    "mae_spot": {
        "MLP": 0.5523256274438182,
        "LSTM": 0.6028269860805269,
        "RW": 0.14595342365748892
    },
    "mae_forw": {
        "MLP": 0.4183206350143609,
        "LSTM": 0.6294209081440345,
        "RW": 0.11579641710842097
    },
    "mape_spot": {
        "MLP": 5.504257034623478,
        "LSTM": 6.007562561821302,
        "RW": 1.4737758042259947
    },
    "mape_forw": {
        "MLP": 4.160319256698639,
        "LSTM": 6.253554124339432,
        "RW": 1.1566395902638216
    },
    "correct_direction_spot": {
        "MLP": 0.5,
        "LSTM": 0.5
    },
    "correct_direction_forw": {
        "MLP": 0.5,
        "LSTM": 0.5
    },
    "pred_spot": {},
    "pred_forw": {},
    "dm_teststat_spot": {
        "MLP": 8.769638547842044,
        "LSTM": 18.10947159026647,
        "RW": 0.0
    },
    "dm_pvalue_spot": {
        "MLP": 1.7924074019578183e-18,
        "LSTM": 2.6831148771601488e-73,
        "RW": 1.0
    },
    "dm_teststat_forw": {
        "MLP": 5.136234151728096,
        "LSTM": 16.476637502903948,
        "RW": 0.0
    },
    "dm_pvalue_forw": {
        "MLP": 2.802983892297986e-07,
        "LSTM": 5.400621027871513e-61,
        "RW": 1.0
    },
    "reduction_rmse_spot": {
        "MLP": -284.29236862243494,
        "LSTM": -262.60568395583584,
        "RW": 0
    },
    "reduction_rmse_forw": {
        "MLP": -292.6999884761806,
        "LSTM": -376.9043754419029,
        "RW": 0
    }
}
2024-05-09 17:22:05,525 - INFO - Spot: PMX. Forw: 1MON. Lookback: 10. Horizon: 10. Exog_Col = []. Epochs = 100. Nodes: 16 Batchsize: 32
2024-05-09 18:02:29,754 - INFO - Spot: PMX. Forw: 1MON. Lookback: 10. Horizon: 10. Exog_Col = [2]. Epochs = 100. Nodes: 16 Batchsize: 32
2024-05-09 18:52:44,976 - INFO - Spot: PMX. Forw: 1MON. Lookback: 10. Horizon: 10. Exog_Col = [2, 4]. Epochs = 100. Nodes: 16 Batchsize: 32
