2024-05-09 11:59:56,690 - INFO - Spot: SMX. Forw: 1MON. Lookback: 10. Horizon: 10. Exog_Col = []. Epochs = 100. Nodes: 16 Batchsize: 32
2024-05-09 12:21:42,076 - INFO - Logged Metrics:
{
    "rmse_spot": {
        "MLP": 0.0711477812906808,
        "LSTM": 0.06796907369535067,
        "RW": 0.0773495337815795
    },
    "rmse_forw": {
        "MLP": 0.09478501774715442,
        "LSTM": 0.10219055894140724,
        "RW": 0.09219979418280864
    },
    "mae_spot": {
        "MLP": 0.06346916808814478,
        "LSTM": 0.05950417116225231,
        "RW": 0.06813403949237232
    },
    "mae_forw": {
        "MLP": 0.0831693137665643,
        "LSTM": 0.09042046139528478,
        "RW": 0.08048299771798588
    },
    "mape_spot": {
        "MLP": 0.6550694820143365,
        "LSTM": 0.6155021852402499,
        "RW": 0.7026302151953007
    },
    "mape_forw": {
        "MLP": 0.850948938044812,
        "LSTM": 0.9226573887741584,
        "RW": 0.822849272102777
    },
    "correct_direction_spot": {
        "MLP": 0.7571428571428571,
        "LSTM": 0.7
    },
    "correct_direction_forw": {
        "MLP": 0.44285714285714284,
        "LSTM": 0.4714285714285714
    },
    "pred_spot": {},
    "pred_forw": {},
    "dm_teststat_spot": {
        "MLP": -1.016825542699719,
        "LSTM": -0.5634697831628763,
        "RW": 0.0
    },
    "dm_pvalue_spot": {
        "MLP": 0.30923642876963264,
        "LSTM": 0.5731150304328367,
        "RW": 1.0
    },
    "dm_teststat_forw": {
        "MLP": 0.2163558936850519,
        "LSTM": 2.1340727381059934,
        "RW": 0.0
    },
    "dm_pvalue_forw": {
        "MLP": 0.8287103437559242,
        "LSTM": 0.032836827085266466,
        "RW": 1.0
    },
    "reduction_rmse_spot": {
        "MLP": 8.017827888156726,
        "LSTM": 12.127364739802404,
        "RW": 0
    },
    "reduction_rmse_forw": {
        "MLP": -2.8039363723740385,
        "LSTM": -10.835994643100255,
        "RW": 0
    }
}
2024-05-09 12:21:42,524 - INFO - Spot: SMX. Forw: 1MON. Lookback: 10. Horizon: 10. Exog_Col = [2]. Epochs = 100. Nodes: 16 Batchsize: 32
2024-05-09 12:44:22,453 - INFO - Logged Metrics:
{
    "rmse_spot": {
        "MLP": 0.07388774212339237,
        "LSTM": 0.06882493563328017,
        "RW": 0.0773495337815795
    },
    "rmse_forw": {
        "MLP": 0.09710430300231858,
        "LSTM": 0.0989909302681496,
        "RW": 0.09219979418280864
    },
    "mae_spot": {
        "MLP": 0.0660801619173043,
        "LSTM": 0.061269082889877084,
        "RW": 0.06813403949237232
    },
    "mae_forw": {
        "MLP": 0.08623067273450731,
        "LSTM": 0.08773734144795055,
        "RW": 0.08048299771798588
    },
    "mape_spot": {
        "MLP": 0.6823479987441754,
        "LSTM": 0.636009975358233,
        "RW": 0.7026302151953007
    },
    "mape_forw": {
        "MLP": 0.8805568464134673,
        "LSTM": 0.8947573885246811,
        "RW": 0.822849272102777
    },
    "correct_direction_spot": {
        "MLP": 0.7714285714285715,
        "LSTM": 0.7857142857142857
    },
    "correct_direction_forw": {
        "MLP": 0.5285714285714286,
        "LSTM": 0.44285714285714284
    },
    "pred_spot": {},
    "pred_forw": {},
    "dm_teststat_spot": {
        "MLP": 0.42741432301643745,
        "LSTM": -0.781523963929652,
        "RW": 0.0
    },
    "dm_pvalue_spot": {
        "MLP": 0.6690775768775259,
        "LSTM": 0.4344943879482497,
        "RW": 1.0
    },
    "dm_teststat_forw": {
        "MLP": 3.2673295718502797,
        "LSTM": 2.344901420537012,
        "RW": 0.0
    },
    "dm_pvalue_forw": {
        "MLP": 0.001085672122228107,
        "LSTM": 0.019032110880408355,
        "RW": 1.0
    },
    "reduction_rmse_spot": {
        "MLP": 4.475517160791909,
        "LSTM": 11.020878512818433,
        "RW": 0
    },
    "reduction_rmse_forw": {
        "MLP": -5.319435756858137,
        "LSTM": -7.365673801696215,
        "RW": 0
    }
}
2024-05-09 12:44:22,915 - INFO - Spot: SMX. Forw: 1MON. Lookback: 10. Horizon: 10. Exog_Col = [3, 4]. Epochs = 100. Nodes: 16 Batchsize: 32
2024-05-09 15:31:57,257 - INFO - Logged Metrics:
{
    "rmse_spot": {
        "MLP": 0.07521157152464247,
        "LSTM": 0.07162275450660151,
        "RW": 0.0773495337815795
    },
    "rmse_forw": {
        "MLP": 0.09652442324817655,
        "LSTM": 0.09722750862524433,
        "RW": 0.09219979418280864
    },
    "mae_spot": {
        "MLP": 0.06702299311015698,
        "LSTM": 0.06321557632617568,
        "RW": 0.06813403949237232
    },
    "mae_forw": {
        "MLP": 0.0852961911192835,
        "LSTM": 0.0855430328683417,
        "RW": 0.08048299771798588
    },
    "mape_spot": {
        "MLP": 0.6913458945910145,
        "LSTM": 0.654403794056534,
        "RW": 0.7026302151953007
    },
    "mape_forw": {
        "MLP": 0.8718520271050013,
        "LSTM": 0.8741158239519732,
        "RW": 0.822849272102777
    },
    "correct_direction_spot": {
        "MLP": 0.7571428571428571,
        "LSTM": 0.7428571428571429
    },
    "correct_direction_forw": {
        "MLP": 0.5571428571428572,
        "LSTM": 0.5142857142857142
    },
    "pred_spot": {},
    "pred_forw": {},
    "dm_teststat_spot": {
        "MLP": 0.8706985103637391,
        "LSTM": -1.596221816714439,
        "RW": 0.0
    },
    "dm_pvalue_spot": {
        "MLP": 0.38391879207019153,
        "LSTM": 0.11043927836885722,
        "RW": 1.0
    },
    "dm_teststat_forw": {
        "MLP": 0.4178515660904551,
        "LSTM": -2.032975332955609,
        "RW": 0.0
    },
    "dm_pvalue_forw": {
        "MLP": 0.6760556462313212,
        "LSTM": 0.0420550151810751,
        "RW": 1.0
    },
    "reduction_rmse_spot": {
        "MLP": 2.764027334636854,
        "LSTM": 7.403767023534147,
        "RW": 0
    },
    "reduction_rmse_forw": {
        "MLP": -4.690497526267001,
        "LSTM": -5.45306471342768,
        "RW": 0
    }
}
2024-05-09 15:31:57,636 - INFO - Spot: SMX. Forw: 1MON. Lookback: 10. Horizon: 20. Exog_Col = []. Epochs = 100. Nodes: 16 Batchsize: 32
2024-05-09 15:41:25,013 - INFO - Logged Metrics:
{
    "rmse_spot": {
        "MLP": 0.11166468460356842,
        "LSTM": 0.11879468049330207,
        "RW": 0.12662042322479983
    },
    "rmse_forw": {
        "MLP": 0.13118842078789691,
        "LSTM": 0.14315443394254904,
        "RW": 0.1361714745385077
    },
    "mae_spot": {
        "MLP": 0.09335117271520957,
        "LSTM": 0.0983541053437306,
        "RW": 0.10635293904742991
    },
    "mae_forw": {
        "MLP": 0.11299517797546178,
        "LSTM": 0.12365214237709414,
        "RW": 0.1163381745141768
    },
    "mape_spot": {
        "MLP": 0.96068503058502,
        "LSTM": 1.0182004864166374,
        "RW": 1.1001220663232463
    },
    "mape_forw": {
        "MLP": 1.152962923175477,
        "LSTM": 1.2621264770745557,
        "RW": 1.1886976602947714
    },
    "correct_direction_spot": {
        "MLP": 0.7142857142857143,
        "LSTM": 0.6285714285714286
    },
    "correct_direction_forw": {
        "MLP": 0.6285714285714286,
        "LSTM": 0.4
    },
    "pred_spot": {},
    "pred_forw": {},
    "dm_teststat_spot": {
        "MLP": -1.6481830173236416,
        "LSTM": -2.805189674392152,
        "RW": 0.0
    },
    "dm_pvalue_spot": {
        "MLP": 0.09931512068528081,
        "LSTM": 0.005028697829069972,
        "RW": 1.0
    },
    "dm_teststat_forw": {
        "MLP": 1.2541992301510874,
        "LSTM": 0.5918769481125015,
        "RW": 0.0
    },
    "dm_pvalue_forw": {
        "MLP": 0.20976959963251907,
        "LSTM": 0.5539329911750079,
        "RW": 1.0
    },
    "reduction_rmse_spot": {
        "MLP": 11.81147420008164,
        "LSTM": 6.180474312271144,
        "RW": 0
    },
    "reduction_rmse_forw": {
        "MLP": 3.659396189619457,
        "LSTM": -5.128063294979324,
        "RW": 0
    }
}
2024-05-09 15:41:25,431 - INFO - Spot: SMX. Forw: 1MON. Lookback: 10. Horizon: 20. Exog_Col = [2]. Epochs = 100. Nodes: 16 Batchsize: 32
2024-05-09 15:51:19,072 - INFO - Logged Metrics:
{
    "rmse_spot": {
        "MLP": 0.11936062994216413,
        "LSTM": 0.12309212861422267,
        "RW": 0.12662042322479983
    },
    "rmse_forw": {
        "MLP": 0.14288781526025926,
        "LSTM": 0.14440150902637167,
        "RW": 0.1361714745385077
    },
    "mae_spot": {
        "MLP": 0.10148353032062592,
        "LSTM": 0.1036376348434029,
        "RW": 0.10635293904742991
    },
    "mae_forw": {
        "MLP": 0.12265328660702432,
        "LSTM": 0.12544567318676822,
        "RW": 0.1163381745141768
    },
    "mape_spot": {
        "MLP": 1.0492001754491147,
        "LSTM": 1.0722695271496092,
        "RW": 1.1001220663232463
    },
    "mape_forw": {
        "MLP": 1.2492118253157545,
        "LSTM": 1.2768927471384233,
        "RW": 1.1886976602947714
    },
    "correct_direction_spot": {
        "MLP": 0.6571428571428571,
        "LSTM": 0.6285714285714286
    },
    "correct_direction_forw": {
        "MLP": 0.4857142857142857,
        "LSTM": 0.4
    },
    "pred_spot": {},
    "pred_forw": {},
    "dm_teststat_spot": {
        "MLP": 0.615414699717228,
        "LSTM": 0.09378375873269518,
        "RW": 0.0
    },
    "dm_pvalue_spot": {
        "MLP": 0.5382808860962183,
        "LSTM": 0.9252809334696821,
        "RW": 1.0
    },
    "dm_teststat_forw": {
        "MLP": 4.222636652306832,
        "LSTM": 4.1880716839081185,
        "RW": 0.0
    },
    "dm_pvalue_forw": {
        "MLP": 2.4146091042294172e-05,
        "LSTM": 2.813346629960123e-05,
        "RW": 1.0
    },
    "reduction_rmse_spot": {
        "MLP": 5.733508937769683,
        "LSTM": 2.7865130448293307,
        "RW": 0
    },
    "reduction_rmse_forw": {
        "MLP": -4.932267014448954,
        "LSTM": -6.04387557361481,
        "RW": 0
    }
}
2024-05-09 15:51:19,483 - INFO - Spot: SMX. Forw: 1MON. Lookback: 10. Horizon: 20. Exog_Col = [3, 4]. Epochs = 100. Nodes: 16 Batchsize: 32
2024-05-09 16:02:16,040 - INFO - Logged Metrics:
{
    "rmse_spot": {
        "MLP": 0.12270726971954601,
        "LSTM": 0.13266312130398225,
        "RW": 0.12662042322479983
    },
    "rmse_forw": {
        "MLP": 0.14502047271459081,
        "LSTM": 0.1460351743252039,
        "RW": 0.1361714745385077
    },
    "mae_spot": {
        "MLP": 0.10318824580740778,
        "LSTM": 0.11201236302033817,
        "RW": 0.10635293904742991
    },
    "mae_forw": {
        "MLP": 0.12569297216080286,
        "LSTM": 0.12725683352555225,
        "RW": 0.1163381745141768
    },
    "mape_spot": {
        "MLP": 1.0685432004752797,
        "LSTM": 1.1610426036356183,
        "RW": 1.1001220663232463
    },
    "mape_forw": {
        "MLP": 1.2886841632677946,
        "LSTM": 1.3026814613553717,
        "RW": 1.1886976602947714
    },
    "correct_direction_spot": {
        "MLP": 0.6571428571428571,
        "LSTM": 0.5714285714285714
    },
    "correct_direction_forw": {
        "MLP": 0.42857142857142855,
        "LSTM": 0.5714285714285714
    },
    "pred_spot": {},
    "pred_forw": {},
    "dm_teststat_spot": {
        "MLP": -1.2095789513636612,
        "LSTM": -5.887602062122417,
        "RW": 0.0
    },
    "dm_pvalue_spot": {
        "MLP": 0.22644049895933427,
        "LSTM": 3.918391943382115e-09,
        "RW": 1.0
    },
    "dm_teststat_forw": {
        "MLP": -0.323163008355353,
        "LSTM": -4.500391151545193,
        "RW": 0.0
    },
    "dm_pvalue_forw": {
        "MLP": 0.7465717941550787,
        "LSTM": 6.782853118032765e-06,
        "RW": 1.0
    },
    "reduction_rmse_spot": {
        "MLP": 3.09045997919819,
        "LSTM": -4.7722933830779635,
        "RW": 0
    },
    "reduction_rmse_forw": {
        "MLP": -6.498422820251326,
        "LSTM": -7.24358741074429,
        "RW": 0
    }
}
